Classic Timing Analyzer report for Processor
Mon Dec 16 16:46:01 2013
Quartus II Version 9.0 Build 235 06/17/2009 Service Pack 2 SJ Web Edition


---------------------
; Table of Contents ;
---------------------
  1. Legal Notice
  2. Timing Analyzer Summary
  3. Timing Analyzer Settings
  4. Clock Settings Summary
  5. Parallel Compilation
  6. Clock Setup: 'clk'
  7. tco
  8. Timing Analyzer Messages



----------------
; Legal Notice ;
----------------
Copyright (C) 1991-2009 Altera Corporation
Your use of Altera Corporation's design tools, logic functions 
and other software and tools, and its AMPP partner logic 
functions, and any output files from any of the foregoing 
(including device programming or simulation files), and any 
associated documentation or information are expressly subject 
to the terms and conditions of the Altera Program License 
Subscription Agreement, Altera MegaCore Function License 
Agreement, or other applicable license agreement, including, 
without limitation, that your use is for the sole purpose of 
programming logic devices manufactured by Altera and sold by 
Altera or its authorized distributors.  Please refer to the 
applicable agreement for further details.



+--------------------------------------------------------------------------------------------------------------------------------------------------------------------------------------------------------------------------------------------------------------------------------------------------------------------------------------------+
; Timing Analyzer Summary                                                                                                                                                                                                                                                                                                                    ;
+------------------------------+-------+---------------+------------------------------------------------+----------------------------------------------------------------------------------------------+----------------------------------------------------------------------------------------------+------------+----------+--------------+
; Type                         ; Slack ; Required Time ; Actual Time                                    ; From                                                                                         ; To                                                                                           ; From Clock ; To Clock ; Failed Paths ;
+------------------------------+-------+---------------+------------------------------------------------+----------------------------------------------------------------------------------------------+----------------------------------------------------------------------------------------------+------------+----------+--------------+
; Worst-case tco               ; N/A   ; None          ; 24.800 ns                                      ; ProgramCounter:inst1|lpm_counter:tempPC_rtl_0|alt_counter_f10ke:wysi_counter|counter_cell[6] ; outputPC[6]                                                                                  ; clk        ; --       ; 0            ;
; Clock Setup: 'clk'           ; N/A   ; None          ; Restricted to 125.00 MHz ( period = 8.000 ns ) ; ProgramCounter:inst1|lpm_counter:tempPC_rtl_0|alt_counter_f10ke:wysi_counter|counter_cell[0] ; ProgramCounter:inst1|lpm_counter:tempPC_rtl_0|alt_counter_f10ke:wysi_counter|counter_cell[7] ; clk        ; clk      ; 0            ;
; Total number of failed paths ;       ;               ;                                                ;                                                                                              ;                                                                                              ;            ;          ; 0            ;
+------------------------------+-------+---------------+------------------------------------------------+----------------------------------------------------------------------------------------------+----------------------------------------------------------------------------------------------+------------+----------+--------------+


+--------------------------------------------------------------------------------------------------------------------+
; Timing Analyzer Settings                                                                                           ;
+---------------------------------------------------------------------+--------------------+------+----+-------------+
; Option                                                              ; Setting            ; From ; To ; Entity Name ;
+---------------------------------------------------------------------+--------------------+------+----+-------------+
; Device Name                                                         ; EPF10K70RC240-4    ;      ;    ;             ;
; Timing Models                                                       ; Final              ;      ;    ;             ;
; Default hold multicycle                                             ; Same as Multicycle ;      ;    ;             ;
; Cut paths between unrelated clock domains                           ; On                 ;      ;    ;             ;
; Cut off read during write signal paths                              ; On                 ;      ;    ;             ;
; Cut off feedback from I/O pins                                      ; On                 ;      ;    ;             ;
; Report Combined Fast/Slow Timing                                    ; Off                ;      ;    ;             ;
; Ignore Clock Settings                                               ; Off                ;      ;    ;             ;
; Analyze latches as synchronous elements                             ; On                 ;      ;    ;             ;
; Enable Recovery/Removal analysis                                    ; Off                ;      ;    ;             ;
; Enable Clock Latency                                                ; Off                ;      ;    ;             ;
; Use TimeQuest Timing Analyzer                                       ; Off                ;      ;    ;             ;
; Minimum Core Junction Temperature                                   ; 0                  ;      ;    ;             ;
; Maximum Core Junction Temperature                                   ; 85                 ;      ;    ;             ;
; Number of source nodes to report per destination node               ; 10                 ;      ;    ;             ;
; Number of destination nodes to report                               ; 10                 ;      ;    ;             ;
; Number of paths to report                                           ; 200                ;      ;    ;             ;
; Report Minimum Timing Checks                                        ; Off                ;      ;    ;             ;
; Use Fast Timing Models                                              ; Off                ;      ;    ;             ;
; Report IO Paths Separately                                          ; Off                ;      ;    ;             ;
; Perform Multicorner Analysis                                        ; Off                ;      ;    ;             ;
; Reports the worst-case path for each clock domain and analysis      ; Off                ;      ;    ;             ;
; Removes common clock path pessimism (CCPP) during slack computation ; Off                ;      ;    ;             ;
; Output I/O Timing Endpoint                                          ; Near End           ;      ;    ;             ;
+---------------------------------------------------------------------+--------------------+------+----+-------------+


+------------------------------------------------------------------------------------------------------------------------------------------------------------------------------------+
; Clock Settings Summary                                                                                                                                                             ;
+-----------------+--------------------+----------+------------------+---------------+--------------+----------+-----------------------+---------------------+--------+--------------+
; Clock Node Name ; Clock Setting Name ; Type     ; Fmax Requirement ; Early Latency ; Late Latency ; Based on ; Multiply Base Fmax by ; Divide Base Fmax by ; Offset ; Phase offset ;
+-----------------+--------------------+----------+------------------+---------------+--------------+----------+-----------------------+---------------------+--------+--------------+
; clk             ;                    ; User Pin ; None             ; 0.000 ns      ; 0.000 ns     ; --       ; N/A                   ; N/A                 ; N/A    ;              ;
+-----------------+--------------------+----------+------------------+---------------+--------------+----------+-----------------------+---------------------+--------+--------------+


Parallel compilation was disabled, but you have multiple processors available. Enable parallel compilation to reduce compilation time.
+-------------------------------------+
; Parallel Compilation                ;
+----------------------------+--------+
; Processors                 ; Number ;
+----------------------------+--------+
; Number detected on machine ; 4      ;
; Maximum allowed            ; 1      ;
+----------------------------+--------+


+------------------------------------------------------------------------------------------------------------------------------------------------------------------------------------------------------------------------------------------------------------------------------------------------------------------------------------------------------------------+
; Clock Setup: 'clk'                                                                                                                                                                                                                                                                                                                                               ;
+-------+------------------------------------------------+----------------------------------------------------------------------------------------------+----------------------------------------------------------------------------------------------+------------+----------+-----------------------------+---------------------------+-------------------------+
; Slack ; Actual fmax (period)                           ; From                                                                                         ; To                                                                                           ; From Clock ; To Clock ; Required Setup Relationship ; Required Longest P2P Time ; Actual Longest P2P Time ;
+-------+------------------------------------------------+----------------------------------------------------------------------------------------------+----------------------------------------------------------------------------------------------+------------+----------+-----------------------------+---------------------------+-------------------------+
; N/A   ; Restricted to 125.00 MHz ( period = 8.000 ns ) ; ProgramCounter:inst1|lpm_counter:tempPC_rtl_0|alt_counter_f10ke:wysi_counter|counter_cell[0] ; ProgramCounter:inst1|lpm_counter:tempPC_rtl_0|alt_counter_f10ke:wysi_counter|counter_cell[7] ; clk        ; clk      ; None                        ; None                      ; 3.800 ns                ;
; N/A   ; Restricted to 125.00 MHz ( period = 8.000 ns ) ; ProgramCounter:inst1|lpm_counter:tempPC_rtl_0|alt_counter_f10ke:wysi_counter|counter_cell[1] ; ProgramCounter:inst1|lpm_counter:tempPC_rtl_0|alt_counter_f10ke:wysi_counter|counter_cell[7] ; clk        ; clk      ; None                        ; None                      ; 3.500 ns                ;
; N/A   ; Restricted to 125.00 MHz ( period = 8.000 ns ) ; ProgramCounter:inst1|lpm_counter:tempPC_rtl_0|alt_counter_f10ke:wysi_counter|counter_cell[0] ; ProgramCounter:inst1|lpm_counter:tempPC_rtl_0|alt_counter_f10ke:wysi_counter|counter_cell[6] ; clk        ; clk      ; None                        ; None                      ; 3.500 ns                ;
; N/A   ; Restricted to 125.00 MHz ( period = 8.000 ns ) ; ProgramCounter:inst1|lpm_counter:tempPC_rtl_0|alt_counter_f10ke:wysi_counter|counter_cell[2] ; ProgramCounter:inst1|lpm_counter:tempPC_rtl_0|alt_counter_f10ke:wysi_counter|counter_cell[7] ; clk        ; clk      ; None                        ; None                      ; 3.200 ns                ;
; N/A   ; Restricted to 125.00 MHz ( period = 8.000 ns ) ; ProgramCounter:inst1|lpm_counter:tempPC_rtl_0|alt_counter_f10ke:wysi_counter|counter_cell[1] ; ProgramCounter:inst1|lpm_counter:tempPC_rtl_0|alt_counter_f10ke:wysi_counter|counter_cell[6] ; clk        ; clk      ; None                        ; None                      ; 3.200 ns                ;
; N/A   ; Restricted to 125.00 MHz ( period = 8.000 ns ) ; ProgramCounter:inst1|lpm_counter:tempPC_rtl_0|alt_counter_f10ke:wysi_counter|counter_cell[0] ; ProgramCounter:inst1|lpm_counter:tempPC_rtl_0|alt_counter_f10ke:wysi_counter|counter_cell[5] ; clk        ; clk      ; None                        ; None                      ; 3.200 ns                ;
; N/A   ; Restricted to 125.00 MHz ( period = 8.000 ns ) ; ProgramCounter:inst1|lpm_counter:tempPC_rtl_0|alt_counter_f10ke:wysi_counter|counter_cell[3] ; ProgramCounter:inst1|lpm_counter:tempPC_rtl_0|alt_counter_f10ke:wysi_counter|counter_cell[7] ; clk        ; clk      ; None                        ; None                      ; 2.900 ns                ;
; N/A   ; Restricted to 125.00 MHz ( period = 8.000 ns ) ; ProgramCounter:inst1|lpm_counter:tempPC_rtl_0|alt_counter_f10ke:wysi_counter|counter_cell[2] ; ProgramCounter:inst1|lpm_counter:tempPC_rtl_0|alt_counter_f10ke:wysi_counter|counter_cell[6] ; clk        ; clk      ; None                        ; None                      ; 2.900 ns                ;
; N/A   ; Restricted to 125.00 MHz ( period = 8.000 ns ) ; ProgramCounter:inst1|lpm_counter:tempPC_rtl_0|alt_counter_f10ke:wysi_counter|counter_cell[1] ; ProgramCounter:inst1|lpm_counter:tempPC_rtl_0|alt_counter_f10ke:wysi_counter|counter_cell[5] ; clk        ; clk      ; None                        ; None                      ; 2.900 ns                ;
; N/A   ; Restricted to 125.00 MHz ( period = 8.000 ns ) ; ProgramCounter:inst1|lpm_counter:tempPC_rtl_0|alt_counter_f10ke:wysi_counter|counter_cell[0] ; ProgramCounter:inst1|lpm_counter:tempPC_rtl_0|alt_counter_f10ke:wysi_counter|counter_cell[4] ; clk        ; clk      ; None                        ; None                      ; 2.900 ns                ;
; N/A   ; Restricted to 125.00 MHz ( period = 8.000 ns ) ; ProgramCounter:inst1|lpm_counter:tempPC_rtl_0|alt_counter_f10ke:wysi_counter|counter_cell[4] ; ProgramCounter:inst1|lpm_counter:tempPC_rtl_0|alt_counter_f10ke:wysi_counter|counter_cell[7] ; clk        ; clk      ; None                        ; None                      ; 2.600 ns                ;
; N/A   ; Restricted to 125.00 MHz ( period = 8.000 ns ) ; ProgramCounter:inst1|lpm_counter:tempPC_rtl_0|alt_counter_f10ke:wysi_counter|counter_cell[3] ; ProgramCounter:inst1|lpm_counter:tempPC_rtl_0|alt_counter_f10ke:wysi_counter|counter_cell[6] ; clk        ; clk      ; None                        ; None                      ; 2.600 ns                ;
; N/A   ; Restricted to 125.00 MHz ( period = 8.000 ns ) ; ProgramCounter:inst1|lpm_counter:tempPC_rtl_0|alt_counter_f10ke:wysi_counter|counter_cell[2] ; ProgramCounter:inst1|lpm_counter:tempPC_rtl_0|alt_counter_f10ke:wysi_counter|counter_cell[5] ; clk        ; clk      ; None                        ; None                      ; 2.600 ns                ;
; N/A   ; Restricted to 125.00 MHz ( period = 8.000 ns ) ; ProgramCounter:inst1|lpm_counter:tempPC_rtl_0|alt_counter_f10ke:wysi_counter|counter_cell[1] ; ProgramCounter:inst1|lpm_counter:tempPC_rtl_0|alt_counter_f10ke:wysi_counter|counter_cell[4] ; clk        ; clk      ; None                        ; None                      ; 2.600 ns                ;
; N/A   ; Restricted to 125.00 MHz ( period = 8.000 ns ) ; ProgramCounter:inst1|lpm_counter:tempPC_rtl_0|alt_counter_f10ke:wysi_counter|counter_cell[0] ; ProgramCounter:inst1|lpm_counter:tempPC_rtl_0|alt_counter_f10ke:wysi_counter|counter_cell[3] ; clk        ; clk      ; None                        ; None                      ; 2.600 ns                ;
; N/A   ; Restricted to 125.00 MHz ( period = 8.000 ns ) ; ProgramCounter:inst1|lpm_counter:tempPC_rtl_0|alt_counter_f10ke:wysi_counter|counter_cell[5] ; ProgramCounter:inst1|lpm_counter:tempPC_rtl_0|alt_counter_f10ke:wysi_counter|counter_cell[7] ; clk        ; clk      ; None                        ; None                      ; 2.300 ns                ;
; N/A   ; Restricted to 125.00 MHz ( period = 8.000 ns ) ; ProgramCounter:inst1|lpm_counter:tempPC_rtl_0|alt_counter_f10ke:wysi_counter|counter_cell[4] ; ProgramCounter:inst1|lpm_counter:tempPC_rtl_0|alt_counter_f10ke:wysi_counter|counter_cell[6] ; clk        ; clk      ; None                        ; None                      ; 2.300 ns                ;
; N/A   ; Restricted to 125.00 MHz ( period = 8.000 ns ) ; ProgramCounter:inst1|lpm_counter:tempPC_rtl_0|alt_counter_f10ke:wysi_counter|counter_cell[3] ; ProgramCounter:inst1|lpm_counter:tempPC_rtl_0|alt_counter_f10ke:wysi_counter|counter_cell[5] ; clk        ; clk      ; None                        ; None                      ; 2.300 ns                ;
; N/A   ; Restricted to 125.00 MHz ( period = 8.000 ns ) ; ProgramCounter:inst1|lpm_counter:tempPC_rtl_0|alt_counter_f10ke:wysi_counter|counter_cell[2] ; ProgramCounter:inst1|lpm_counter:tempPC_rtl_0|alt_counter_f10ke:wysi_counter|counter_cell[4] ; clk        ; clk      ; None                        ; None                      ; 2.300 ns                ;
; N/A   ; Restricted to 125.00 MHz ( period = 8.000 ns ) ; ProgramCounter:inst1|lpm_counter:tempPC_rtl_0|alt_counter_f10ke:wysi_counter|counter_cell[1] ; ProgramCounter:inst1|lpm_counter:tempPC_rtl_0|alt_counter_f10ke:wysi_counter|counter_cell[3] ; clk        ; clk      ; None                        ; None                      ; 2.300 ns                ;
; N/A   ; Restricted to 125.00 MHz ( period = 8.000 ns ) ; ProgramCounter:inst1|lpm_counter:tempPC_rtl_0|alt_counter_f10ke:wysi_counter|counter_cell[0] ; ProgramCounter:inst1|lpm_counter:tempPC_rtl_0|alt_counter_f10ke:wysi_counter|counter_cell[2] ; clk        ; clk      ; None                        ; None                      ; 2.300 ns                ;
; N/A   ; Restricted to 125.00 MHz ( period = 8.000 ns ) ; ClockSplitter:inst|clk2Temp                                                                  ; ClockSplitter:inst|clk2Temp                                                                  ; clk        ; clk      ; None                        ; None                      ; 2.200 ns                ;
; N/A   ; Restricted to 125.00 MHz ( period = 8.000 ns ) ; ClockSplitter:inst|clk1Temp                                                                  ; ClockSplitter:inst|clk1Temp                                                                  ; clk        ; clk      ; None                        ; None                      ; 2.200 ns                ;
; N/A   ; Restricted to 125.00 MHz ( period = 8.000 ns ) ; ProgramCounter:inst1|lpm_counter:tempPC_rtl_0|alt_counter_f10ke:wysi_counter|counter_cell[7] ; ProgramCounter:inst1|lpm_counter:tempPC_rtl_0|alt_counter_f10ke:wysi_counter|counter_cell[7] ; clk        ; clk      ; None                        ; None                      ; 2.000 ns                ;
; N/A   ; Restricted to 125.00 MHz ( period = 8.000 ns ) ; ProgramCounter:inst1|lpm_counter:tempPC_rtl_0|alt_counter_f10ke:wysi_counter|counter_cell[6] ; ProgramCounter:inst1|lpm_counter:tempPC_rtl_0|alt_counter_f10ke:wysi_counter|counter_cell[7] ; clk        ; clk      ; None                        ; None                      ; 2.000 ns                ;
; N/A   ; Restricted to 125.00 MHz ( period = 8.000 ns ) ; ProgramCounter:inst1|lpm_counter:tempPC_rtl_0|alt_counter_f10ke:wysi_counter|counter_cell[6] ; ProgramCounter:inst1|lpm_counter:tempPC_rtl_0|alt_counter_f10ke:wysi_counter|counter_cell[6] ; clk        ; clk      ; None                        ; None                      ; 2.000 ns                ;
; N/A   ; Restricted to 125.00 MHz ( period = 8.000 ns ) ; ProgramCounter:inst1|lpm_counter:tempPC_rtl_0|alt_counter_f10ke:wysi_counter|counter_cell[5] ; ProgramCounter:inst1|lpm_counter:tempPC_rtl_0|alt_counter_f10ke:wysi_counter|counter_cell[6] ; clk        ; clk      ; None                        ; None                      ; 2.000 ns                ;
; N/A   ; Restricted to 125.00 MHz ( period = 8.000 ns ) ; ProgramCounter:inst1|lpm_counter:tempPC_rtl_0|alt_counter_f10ke:wysi_counter|counter_cell[5] ; ProgramCounter:inst1|lpm_counter:tempPC_rtl_0|alt_counter_f10ke:wysi_counter|counter_cell[5] ; clk        ; clk      ; None                        ; None                      ; 2.000 ns                ;
; N/A   ; Restricted to 125.00 MHz ( period = 8.000 ns ) ; ProgramCounter:inst1|lpm_counter:tempPC_rtl_0|alt_counter_f10ke:wysi_counter|counter_cell[4] ; ProgramCounter:inst1|lpm_counter:tempPC_rtl_0|alt_counter_f10ke:wysi_counter|counter_cell[5] ; clk        ; clk      ; None                        ; None                      ; 2.000 ns                ;
; N/A   ; Restricted to 125.00 MHz ( period = 8.000 ns ) ; ProgramCounter:inst1|lpm_counter:tempPC_rtl_0|alt_counter_f10ke:wysi_counter|counter_cell[4] ; ProgramCounter:inst1|lpm_counter:tempPC_rtl_0|alt_counter_f10ke:wysi_counter|counter_cell[4] ; clk        ; clk      ; None                        ; None                      ; 2.000 ns                ;
; N/A   ; Restricted to 125.00 MHz ( period = 8.000 ns ) ; ProgramCounter:inst1|lpm_counter:tempPC_rtl_0|alt_counter_f10ke:wysi_counter|counter_cell[3] ; ProgramCounter:inst1|lpm_counter:tempPC_rtl_0|alt_counter_f10ke:wysi_counter|counter_cell[4] ; clk        ; clk      ; None                        ; None                      ; 2.000 ns                ;
; N/A   ; Restricted to 125.00 MHz ( period = 8.000 ns ) ; ProgramCounter:inst1|lpm_counter:tempPC_rtl_0|alt_counter_f10ke:wysi_counter|counter_cell[3] ; ProgramCounter:inst1|lpm_counter:tempPC_rtl_0|alt_counter_f10ke:wysi_counter|counter_cell[3] ; clk        ; clk      ; None                        ; None                      ; 2.000 ns                ;
; N/A   ; Restricted to 125.00 MHz ( period = 8.000 ns ) ; ProgramCounter:inst1|lpm_counter:tempPC_rtl_0|alt_counter_f10ke:wysi_counter|counter_cell[2] ; ProgramCounter:inst1|lpm_counter:tempPC_rtl_0|alt_counter_f10ke:wysi_counter|counter_cell[3] ; clk        ; clk      ; None                        ; None                      ; 2.000 ns                ;
; N/A   ; Restricted to 125.00 MHz ( period = 8.000 ns ) ; ProgramCounter:inst1|lpm_counter:tempPC_rtl_0|alt_counter_f10ke:wysi_counter|counter_cell[2] ; ProgramCounter:inst1|lpm_counter:tempPC_rtl_0|alt_counter_f10ke:wysi_counter|counter_cell[2] ; clk        ; clk      ; None                        ; None                      ; 2.000 ns                ;
; N/A   ; Restricted to 125.00 MHz ( period = 8.000 ns ) ; ProgramCounter:inst1|lpm_counter:tempPC_rtl_0|alt_counter_f10ke:wysi_counter|counter_cell[1] ; ProgramCounter:inst1|lpm_counter:tempPC_rtl_0|alt_counter_f10ke:wysi_counter|counter_cell[2] ; clk        ; clk      ; None                        ; None                      ; 2.000 ns                ;
; N/A   ; Restricted to 125.00 MHz ( period = 8.000 ns ) ; ProgramCounter:inst1|lpm_counter:tempPC_rtl_0|alt_counter_f10ke:wysi_counter|counter_cell[1] ; ProgramCounter:inst1|lpm_counter:tempPC_rtl_0|alt_counter_f10ke:wysi_counter|counter_cell[1] ; clk        ; clk      ; None                        ; None                      ; 2.000 ns                ;
; N/A   ; Restricted to 125.00 MHz ( period = 8.000 ns ) ; ProgramCounter:inst1|lpm_counter:tempPC_rtl_0|alt_counter_f10ke:wysi_counter|counter_cell[0] ; ProgramCounter:inst1|lpm_counter:tempPC_rtl_0|alt_counter_f10ke:wysi_counter|counter_cell[1] ; clk        ; clk      ; None                        ; None                      ; 2.000 ns                ;
; N/A   ; Restricted to 125.00 MHz ( period = 8.000 ns ) ; ProgramCounter:inst1|lpm_counter:tempPC_rtl_0|alt_counter_f10ke:wysi_counter|counter_cell[0] ; ProgramCounter:inst1|lpm_counter:tempPC_rtl_0|alt_counter_f10ke:wysi_counter|counter_cell[0] ; clk        ; clk      ; None                        ; None                      ; 2.000 ns                ;
+-------+------------------------------------------------+----------------------------------------------------------------------------------------------+----------------------------------------------------------------------------------------------+------------+----------+-----------------------------+---------------------------+-------------------------+


+-------------------------------------------------------------------------------------------------------------------------------------------------------------+
; tco                                                                                                                                                         ;
+-------+--------------+------------+----------------------------------------------------------------------------------------------+-------------+------------+
; Slack ; Required tco ; Actual tco ; From                                                                                         ; To          ; From Clock ;
+-------+--------------+------------+----------------------------------------------------------------------------------------------+-------------+------------+
; N/A   ; None         ; 24.800 ns  ; ProgramCounter:inst1|lpm_counter:tempPC_rtl_0|alt_counter_f10ke:wysi_counter|counter_cell[2] ; outputPC[2] ; clk        ;
; N/A   ; None         ; 24.800 ns  ; ProgramCounter:inst1|lpm_counter:tempPC_rtl_0|alt_counter_f10ke:wysi_counter|counter_cell[4] ; outputPC[4] ; clk        ;
; N/A   ; None         ; 24.800 ns  ; ProgramCounter:inst1|lpm_counter:tempPC_rtl_0|alt_counter_f10ke:wysi_counter|counter_cell[6] ; outputPC[6] ; clk        ;
; N/A   ; None         ; 24.600 ns  ; ProgramCounter:inst1|lpm_counter:tempPC_rtl_0|alt_counter_f10ke:wysi_counter|counter_cell[0] ; outputPC[0] ; clk        ;
; N/A   ; None         ; 24.600 ns  ; ProgramCounter:inst1|lpm_counter:tempPC_rtl_0|alt_counter_f10ke:wysi_counter|counter_cell[1] ; outputPC[1] ; clk        ;
; N/A   ; None         ; 24.600 ns  ; ProgramCounter:inst1|lpm_counter:tempPC_rtl_0|alt_counter_f10ke:wysi_counter|counter_cell[3] ; outputPC[3] ; clk        ;
; N/A   ; None         ; 24.600 ns  ; ProgramCounter:inst1|lpm_counter:tempPC_rtl_0|alt_counter_f10ke:wysi_counter|counter_cell[5] ; outputPC[5] ; clk        ;
; N/A   ; None         ; 24.600 ns  ; ProgramCounter:inst1|lpm_counter:tempPC_rtl_0|alt_counter_f10ke:wysi_counter|counter_cell[7] ; outputPC[7] ; clk        ;
; N/A   ; None         ; 17.800 ns  ; ClockSplitter:inst|clk1Temp                                                                  ; clk1        ; clk        ;
; N/A   ; None         ; 15.900 ns  ; ClockSplitter:inst|clk2Temp                                                                  ; clk2        ; clk        ;
+-------+--------------+------------+----------------------------------------------------------------------------------------------+-------------+------------+


+--------------------------+
; Timing Analyzer Messages ;
+--------------------------+
Info: *******************************************************************
Info: Running Quartus II Classic Timing Analyzer
    Info: Version 9.0 Build 235 06/17/2009 Service Pack 2 SJ Web Edition
    Info: Processing started: Mon Dec 16 16:46:01 2013
Info: Command: quartus_tan --read_settings_files=off --write_settings_files=off Processor -c Processor
Info: Started post-fitting delay annotation
Info: Delay annotation completed successfully
Warning: Found pins functioning as undefined clocks and/or memory enables
    Info: Assuming node "clk" is an undefined clock
Warning: Found 1 node(s) in clock paths which may be acting as ripple and/or gated clocks -- node(s) analyzed as buffer(s) resulting in clock skew
    Info: Detected ripple clock "ClockSplitter:inst|clk1Temp" as buffer
Info: Clock "clk" Internal fmax is restricted to 125.0 MHz between source register "ProgramCounter:inst1|lpm_counter:tempPC_rtl_0|alt_counter_f10ke:wysi_counter|counter_cell[0]" and destination register "ProgramCounter:inst1|lpm_counter:tempPC_rtl_0|alt_counter_f10ke:wysi_counter|counter_cell[7]"
    Info: fmax restricted to Clock High delay (4.0 ns) plus Clock Low delay (4.0 ns) : restricted to 8.0 ns. Expand message to see actual delay path.
        Info: + Longest register to register delay is 3.800 ns
            Info: 1: + IC(0.000 ns) + CELL(0.000 ns) = 0.000 ns; Loc. = LC1_G26; Fanout = 3; REG Node = 'ProgramCounter:inst1|lpm_counter:tempPC_rtl_0|alt_counter_f10ke:wysi_counter|counter_cell[0]'
            Info: 2: + IC(0.000 ns) + CELL(1.500 ns) = 1.500 ns; Loc. = LC1_G26; Fanout = 2; COMB Node = 'ProgramCounter:inst1|lpm_counter:tempPC_rtl_0|alt_counter_f10ke:wysi_counter|counter_cell[0]~COUT'
            Info: 3: + IC(0.000 ns) + CELL(0.300 ns) = 1.800 ns; Loc. = LC2_G26; Fanout = 2; COMB Node = 'ProgramCounter:inst1|lpm_counter:tempPC_rtl_0|alt_counter_f10ke:wysi_counter|counter_cell[1]~COUT'
            Info: 4: + IC(0.000 ns) + CELL(0.300 ns) = 2.100 ns; Loc. = LC3_G26; Fanout = 2; COMB Node = 'ProgramCounter:inst1|lpm_counter:tempPC_rtl_0|alt_counter_f10ke:wysi_counter|counter_cell[2]~COUT'
            Info: 5: + IC(0.000 ns) + CELL(0.300 ns) = 2.400 ns; Loc. = LC4_G26; Fanout = 2; COMB Node = 'ProgramCounter:inst1|lpm_counter:tempPC_rtl_0|alt_counter_f10ke:wysi_counter|counter_cell[3]~COUT'
            Info: 6: + IC(0.000 ns) + CELL(0.300 ns) = 2.700 ns; Loc. = LC5_G26; Fanout = 2; COMB Node = 'ProgramCounter:inst1|lpm_counter:tempPC_rtl_0|alt_counter_f10ke:wysi_counter|counter_cell[4]~COUT'
            Info: 7: + IC(0.000 ns) + CELL(0.300 ns) = 3.000 ns; Loc. = LC6_G26; Fanout = 2; COMB Node = 'ProgramCounter:inst1|lpm_counter:tempPC_rtl_0|alt_counter_f10ke:wysi_counter|counter_cell[5]~COUT'
            Info: 8: + IC(0.000 ns) + CELL(0.300 ns) = 3.300 ns; Loc. = LC7_G26; Fanout = 1; COMB Node = 'ProgramCounter:inst1|lpm_counter:tempPC_rtl_0|alt_counter_f10ke:wysi_counter|counter_cell[6]~COUT'
            Info: 9: + IC(0.000 ns) + CELL(0.500 ns) = 3.800 ns; Loc. = LC8_G26; Fanout = 2; REG Node = 'ProgramCounter:inst1|lpm_counter:tempPC_rtl_0|alt_counter_f10ke:wysi_counter|counter_cell[7]'
            Info: Total cell delay = 3.800 ns ( 100.00 % )
        Info: - Smallest clock skew is 0.000 ns
            Info: + Shortest clock path from clock "clk" to destination register is 15.500 ns
                Info: 1: + IC(0.000 ns) + CELL(2.900 ns) = 2.900 ns; Loc. = PIN_91; Fanout = 2; CLK Node = 'clk'
                Info: 2: + IC(4.100 ns) + CELL(1.400 ns) = 8.400 ns; Loc. = LC1_D8; Fanout = 10; REG Node = 'ClockSplitter:inst|clk1Temp'
                Info: 3: + IC(7.100 ns) + CELL(0.000 ns) = 15.500 ns; Loc. = LC8_G26; Fanout = 2; REG Node = 'ProgramCounter:inst1|lpm_counter:tempPC_rtl_0|alt_counter_f10ke:wysi_counter|counter_cell[7]'
                Info: Total cell delay = 4.300 ns ( 27.74 % )
                Info: Total interconnect delay = 11.200 ns ( 72.26 % )
            Info: - Longest clock path from clock "clk" to source register is 15.500 ns
                Info: 1: + IC(0.000 ns) + CELL(2.900 ns) = 2.900 ns; Loc. = PIN_91; Fanout = 2; CLK Node = 'clk'
                Info: 2: + IC(4.100 ns) + CELL(1.400 ns) = 8.400 ns; Loc. = LC1_D8; Fanout = 10; REG Node = 'ClockSplitter:inst|clk1Temp'
                Info: 3: + IC(7.100 ns) + CELL(0.000 ns) = 15.500 ns; Loc. = LC1_G26; Fanout = 3; REG Node = 'ProgramCounter:inst1|lpm_counter:tempPC_rtl_0|alt_counter_f10ke:wysi_counter|counter_cell[0]'
                Info: Total cell delay = 4.300 ns ( 27.74 % )
                Info: Total interconnect delay = 11.200 ns ( 72.26 % )
        Info: + Micro clock to output delay of source is 1.400 ns
        Info: + Micro setup delay of destination is 2.600 ns
Info: tco from clock "clk" to destination pin "outputPC[2]" through register "ProgramCounter:inst1|lpm_counter:tempPC_rtl_0|alt_counter_f10ke:wysi_counter|counter_cell[2]" is 24.800 ns
    Info: + Longest clock path from clock "clk" to source register is 15.500 ns
        Info: 1: + IC(0.000 ns) + CELL(2.900 ns) = 2.900 ns; Loc. = PIN_91; Fanout = 2; CLK Node = 'clk'
        Info: 2: + IC(4.100 ns) + CELL(1.400 ns) = 8.400 ns; Loc. = LC1_D8; Fanout = 10; REG Node = 'ClockSplitter:inst|clk1Temp'
        Info: 3: + IC(7.100 ns) + CELL(0.000 ns) = 15.500 ns; Loc. = LC3_G26; Fanout = 3; REG Node = 'ProgramCounter:inst1|lpm_counter:tempPC_rtl_0|alt_counter_f10ke:wysi_counter|counter_cell[2]'
        Info: Total cell delay = 4.300 ns ( 27.74 % )
        Info: Total interconnect delay = 11.200 ns ( 72.26 % )
    Info: + Micro clock to output delay of source is 1.400 ns
    Info: + Longest register to pin delay is 7.900 ns
        Info: 1: + IC(0.000 ns) + CELL(0.000 ns) = 0.000 ns; Loc. = LC3_G26; Fanout = 3; REG Node = 'ProgramCounter:inst1|lpm_counter:tempPC_rtl_0|alt_counter_f10ke:wysi_counter|counter_cell[2]'
        Info: 2: + IC(2.900 ns) + CELL(5.000 ns) = 7.900 ns; Loc. = PIN_43; Fanout = 0; PIN Node = 'outputPC[2]'
        Info: Total cell delay = 5.000 ns ( 63.29 % )
        Info: Total interconnect delay = 2.900 ns ( 36.71 % )
Info: Quartus II Classic Timing Analyzer was successful. 0 errors, 2 warnings
    Info: Peak virtual memory: 180 megabytes
    Info: Processing ended: Mon Dec 16 16:46:01 2013
    Info: Elapsed time: 00:00:00
    Info: Total CPU time (on all processors): 00:00:00


