Fitter report for Processor
Wed Dec 18 20:54:49 2013
Quartus II Version 9.0 Build 235 06/17/2009 Service Pack 2 SJ Web Edition


---------------------
; Table of Contents ;
---------------------
  1. Legal Notice
  2. Fitter Summary
  3. Fitter Settings
  4. Parallel Compilation
  5. Fitter Device Options
  6. Input Pins
  7. Output Pins
  8. All Package Pins
  9. Control Signals
 10. Global & Other Fast Signals
 11. Carry Chains
 12. Cascade Chains
 13. Embedded Cells
 14. Non-Global High Fan-Out Signals
 15. Peripheral Signals
 16. LAB
 17. Local Routing Interconnect
 18. LAB External Interconnect
 19. Row Interconnect
 20. LAB Column Interconnect
 21. LAB Column Interconnect
 22. Fitter Resource Usage Summary
 23. Fitter Resource Utilization by Entity
 24. Delay Chain Summary
 25. Fitter RAM Summary
 26. Pin-Out File
 27. Fitter Messages



----------------
; Legal Notice ;
----------------
Copyright (C) 1991-2009 Altera Corporation
Your use of Altera Corporation's design tools, logic functions 
and other software and tools, and its AMPP partner logic 
functions, and any output files from any of the foregoing 
(including device programming or simulation files), and any 
associated documentation or information are expressly subject 
to the terms and conditions of the Altera Program License 
Subscription Agreement, Altera MegaCore Function License 
Agreement, or other applicable license agreement, including, 
without limitation, that your use is for the sole purpose of 
programming logic devices manufactured by Altera and sold by 
Altera or its authorized distributors.  Please refer to the 
applicable agreement for further details.



+----------------------------------------------------------------------+
; Fitter Summary                                                       ;
+-----------------------+----------------------------------------------+
; Fitter Status         ; Successful - Wed Dec 18 20:54:49 2013        ;
; Quartus II Version    ; 9.0 Build 235 06/17/2009 SP 2 SJ Web Edition ;
; Revision Name         ; Processor                                    ;
; Top-level Entity Name ; Processor                                    ;
; Family                ; FLEX10K                                      ;
; Device                ; EPF10K70RC240-4                              ;
; Timing Models         ; Final                                        ;
; Total logic elements  ; 120 / 3,744 ( 3 % )                          ;
; Total pins            ; 96 / 189 ( 51 % )                            ;
; Total memory bits     ; 4,096 / 18,432 ( 22 % )                      ;
+-----------------------+----------------------------------------------+


+------------------------------------------------------------------------------------------------------+
; Fitter Settings                                                                                      ;
+------------------------------------------------------------+--------------------+--------------------+
; Option                                                     ; Setting            ; Default Value      ;
+------------------------------------------------------------+--------------------+--------------------+
; Device                                                     ; EPF10K70RC240-4    ;                    ;
; Use smart compilation                                      ; Off                ; Off                ;
; Use TimeQuest Timing Analyzer                              ; Off                ; Off                ;
; Router Timing Optimization Level                           ; Normal             ; Normal             ;
; Placement Effort Multiplier                                ; 1.0                ; 1.0                ;
; Router Effort Multiplier                                   ; 1.0                ; 1.0                ;
; Optimize Timing                                            ; Normal compilation ; Normal compilation ;
; Optimize Timing for ECOs                                   ; Off                ; Off                ;
; Regenerate full fit report during ECO compiles             ; Off                ; Off                ;
; Optimize IOC Register Placement for Timing                 ; On                 ; On                 ;
; Limit to One Fitting Attempt                               ; Off                ; Off                ;
; Final Placement Optimizations                              ; Automatically      ; Automatically      ;
; Fitter Aggressive Routability Optimizations                ; Automatically      ; Automatically      ;
; Fitter Initial Placement Seed                              ; 1                  ; 1                  ;
; Slow Slew Rate                                             ; Off                ; Off                ;
; Auto Global Memory Control Signals                         ; Off                ; Off                ;
; Logic Cell Insertion - Individual Logic Cells              ; On                 ; On                 ;
; Logic Cell Insertion - I/Os Fed By Carry or Cascade Chains ; On                 ; On                 ;
; Fitter Effort                                              ; Auto Fit           ; Auto Fit           ;
; Auto Global Clock                                          ; On                 ; On                 ;
; Auto Global Output Enable                                  ; On                 ; On                 ;
; Auto Global Register Control Signals                       ; On                 ; On                 ;
; Force Fitter to Avoid Periphery Placement Warnings         ; Off                ; Off                ;
+------------------------------------------------------------+--------------------+--------------------+


Parallel compilation was disabled, but you have multiple processors available. Enable parallel compilation to reduce compilation time.
+-------------------------------------+
; Parallel Compilation                ;
+----------------------------+--------+
; Processors                 ; Number ;
+----------------------------+--------+
; Number detected on machine ; 4      ;
; Maximum allowed            ; 1      ;
+----------------------------+--------+


+-------------------------------------------------------------------------+
; Fitter Device Options                                                   ;
+----------------------------------------------+--------------------------+
; Option                                       ; Setting                  ;
+----------------------------------------------+--------------------------+
; Enable user-supplied start-up clock (CLKUSR) ; Off                      ;
; Enable device-wide reset (DEV_CLRn)          ; Off                      ;
; Enable device-wide output enable (DEV_OE)    ; Off                      ;
; Enable INIT_DONE output                      ; Off                      ;
; Configuration scheme                         ; Passive Serial           ;
; nWS, nRS, nCS, CS                            ; Unreserved               ;
; RDYnBUSY                                     ; Unreserved               ;
; Data[7..1]                                   ; Unreserved               ;
; Reserve all unused pins                      ; As output driving ground ;
; Base pin-out file on sameframe device        ; Off                      ;
+----------------------------------------------+--------------------------+


+---------------------------------------------------------------------------------------------------------------------------------------+
; Input Pins                                                                                                                            ;
+-------+-------+-----+------+---------+--------+--------------+-------------------------+---------------+---------------+--------------+
; Name  ; Pin # ; Row ; Col. ; Fan-Out ; Global ; I/O Register ; Use Local Routing Input ; Power Up High ; Single-Pin CE ; I/O Standard ;
+-------+-------+-----+------+---------+--------+--------------+-------------------------+---------------+---------------+--------------+
; reset ; 212   ; --  ; --   ; 17      ; yes    ; no           ; no                      ; no            ; no            ; TTL          ;
; clk   ; 91    ; --  ; --   ; 15      ; yes    ; no           ; no                      ; no            ; no            ; TTL          ;
+-------+-------+-----+------+---------+--------+--------------+-------------------------+---------------+---------------+--------------+


+---------------------------------------------------------------------------------------------------------------------------------------------------------------------------------------------+
; Output Pins                                                                                                                                                                                 ;
+-----------------+-------+-----+------+--------------+--------------------------+---------------+----------------+---------------+---------------+------------+---------------+--------------+
; Name            ; Pin # ; Row ; Col. ; I/O Register ; Use Local Routing Output ; Power Up High ; Slow Slew Rate ; Single-Pin OE ; Single-Pin CE ; Open Drain ; TRI Primitive ; I/O Standard ;
+-----------------+-------+-----+------+--------------+--------------------------+---------------+----------------+---------------+---------------+------------+---------------+--------------+
; clk2            ; 28    ;  D  ; --   ; no           ; no                       ; no            ; no             ; no            ; no            ; no         ; no            ; TTL          ;
; clk1            ; 86    ; --  ; 29   ; no           ; no                       ; no            ; no             ; no            ; no            ; no         ; no            ; TTL          ;
; RegDst          ; 169   ;  B  ; --   ; no           ; no                       ; no            ; no             ; no            ; no            ; no         ; no            ; TTL          ;
; Branch          ; 172   ;  A  ; --   ; no           ; no                       ; no            ; no             ; no            ; no            ; no         ; no            ; TTL          ;
; MemRead         ; 143   ;  G  ; --   ; no           ; no                       ; no            ; no             ; no            ; no            ; no         ; no            ; TTL          ;
; MemToReg        ; 191   ; --  ; 12   ; no           ; no                       ; no            ; no             ; no            ; no            ; no         ; no            ; TTL          ;
; MemWrite        ; 192   ; --  ; 12   ; no           ; no                       ; no            ; no             ; no            ; no            ; no         ; no            ; TTL          ;
; ALUSrc          ; 109   ; --  ; 11   ; no           ; no                       ; no            ; no             ; no            ; no            ; no         ; no            ; TTL          ;
; RegWrite        ; 167   ;  B  ; --   ; no           ; no                       ; no            ; no             ; no            ; no            ; no         ; no            ; TTL          ;
; zeroFlag        ; 154   ;  E  ; --   ; no           ; no                       ; no            ; no             ; no            ; no            ; no         ; no            ; TTL          ;
; signFlag        ; 19    ;  C  ; --   ; no           ; no                       ; no            ; no             ; no            ; no            ; no         ; no            ; TTL          ;
; aluCode[2]      ; 56    ;  I  ; --   ; no           ; no                       ; no            ; no             ; no            ; no            ; no         ; no            ; TTL          ;
; aluCode[1]      ; 43    ;  G  ; --   ; no           ; no                       ; no            ; no             ; no            ; no            ; no         ; no            ; TTL          ;
; aluCode[0]      ; 136   ;  H  ; --   ; no           ; no                       ; no            ; no             ; no            ; no            ; no         ; no            ; TTL          ;
; ALUOp[2]        ; 175   ;  A  ; --   ; no           ; no                       ; no            ; no             ; no            ; no            ; no         ; no            ; TTL          ;
; ALUOp[1]        ; 168   ;  B  ; --   ; no           ; no                       ; no            ; no             ; no            ; no            ; no         ; no            ; TTL          ;
; ALUOp[0]        ; 45    ;  G  ; --   ; no           ; no                       ; no            ; no             ; no            ; no            ; no         ; no            ; TTL          ;
; aluOutput[7]    ; 163   ;  C  ; --   ; no           ; no                       ; no            ; no             ; no            ; no            ; no         ; no            ; TTL          ;
; aluOutput[6]    ; 204   ; --  ; 24   ; no           ; no                       ; no            ; no             ; no            ; no            ; no         ; no            ; TTL          ;
; aluOutput[5]    ; 139   ;  G  ; --   ; no           ; no                       ; no            ; no             ; no            ; no            ; no         ; no            ; TTL          ;
; aluOutput[4]    ; 138   ;  G  ; --   ; no           ; no                       ; no            ; no             ; no            ; no            ; no         ; no            ; TTL          ;
; aluOutput[3]    ; 201   ; --  ; 21   ; no           ; no                       ; no            ; no             ; no            ; no            ; no         ; no            ; TTL          ;
; aluOutput[2]    ; 98    ; --  ; 21   ; no           ; no                       ; no            ; no             ; no            ; no            ; no         ; no            ; TTL          ;
; aluOutput[1]    ; 141   ;  G  ; --   ; no           ; no                       ; no            ; no             ; no            ; no            ; no         ; no            ; TTL          ;
; aluOutput[0]    ; 94    ; --  ; 26   ; no           ; no                       ; no            ; no             ; no            ; no            ; no         ; no            ; TTL          ;
; imm6[5]         ; 41    ;  F  ; --   ; no           ; no                       ; no            ; no             ; no            ; no            ; no         ; no            ; TTL          ;
; imm6[4]         ; 25    ;  D  ; --   ; no           ; no                       ; no            ; no             ; no            ; no            ; no         ; no            ; TTL          ;
; imm6[3]         ; 171   ;  A  ; --   ; no           ; no                       ; no            ; no             ; no            ; no            ; no         ; no            ; TTL          ;
; imm6[2]         ; 54    ;  I  ; --   ; no           ; no                       ; no            ; no             ; no            ; no            ; no         ; no            ; TTL          ;
; imm6[1]         ; 151   ;  E  ; --   ; no           ; no                       ; no            ; no             ; no            ; no            ; no         ; no            ; TTL          ;
; imm6[0]         ; 131   ;  H  ; --   ; no           ; no                       ; no            ; no             ; no            ; no            ; no         ; no            ; TTL          ;
; imm9[8]         ; 46    ;  H  ; --   ; no           ; no                       ; no            ; no             ; no            ; no            ; no         ; no            ; TTL          ;
; imm9[7]         ; 38    ;  F  ; --   ; no           ; no                       ; no            ; no             ; no            ; no            ; no         ; no            ; TTL          ;
; imm9[6]         ; 31    ;  E  ; --   ; no           ; no                       ; no            ; no             ; no            ; no            ; no         ; no            ; TTL          ;
; imm9[5]         ; 20    ;  C  ; --   ; no           ; no                       ; no            ; no             ; no            ; no            ; no         ; no            ; TTL          ;
; imm9[4]         ; 156   ;  D  ; --   ; no           ; no                       ; no            ; no             ; no            ; no            ; no         ; no            ; TTL          ;
; imm9[3]         ; 7     ;  A  ; --   ; no           ; no                       ; no            ; no             ; no            ; no            ; no         ; no            ; TTL          ;
; imm9[2]         ; 126   ;  I  ; --   ; no           ; no                       ; no            ; no             ; no            ; no            ; no         ; no            ; TTL          ;
; imm9[1]         ; 44    ;  G  ; --   ; no           ; no                       ; no            ; no             ; no            ; no            ; no         ; no            ; TTL          ;
; imm9[0]         ; 133   ;  H  ; --   ; no           ; no                       ; no            ; no             ; no            ; no            ; no         ; no            ; TTL          ;
; instruction[15] ; 157   ;  D  ; --   ; no           ; no                       ; no            ; no             ; no            ; no            ; no         ; no            ; TTL          ;
; instruction[14] ; 128   ;  I  ; --   ; no           ; no                       ; no            ; no             ; no            ; no            ; no         ; no            ; TTL          ;
; instruction[13] ; 147   ;  F  ; --   ; no           ; no                       ; no            ; no             ; no            ; no            ; no         ; no            ; TTL          ;
; instruction[12] ; 153   ;  E  ; --   ; no           ; no                       ; no            ; no             ; no            ; no            ; no         ; no            ; TTL          ;
; instruction[11] ; 132   ;  H  ; --   ; no           ; no                       ; no            ; no             ; no            ; no            ; no         ; no            ; TTL          ;
; instruction[10] ; 17    ;  B  ; --   ; no           ; no                       ; no            ; no             ; no            ; no            ; no         ; no            ; TTL          ;
; instruction[9]  ; 23    ;  C  ; --   ; no           ; no                       ; no            ; no             ; no            ; no            ; no         ; no            ; TTL          ;
; instruction[8]  ; 49    ;  H  ; --   ; no           ; no                       ; no            ; no             ; no            ; no            ; no         ; no            ; TTL          ;
; instruction[7]  ; 148   ;  F  ; --   ; no           ; no                       ; no            ; no             ; no            ; no            ; no         ; no            ; TTL          ;
; instruction[6]  ; 33    ;  E  ; --   ; no           ; no                       ; no            ; no             ; no            ; no            ; no         ; no            ; TTL          ;
; instruction[5]  ; 164   ;  C  ; --   ; no           ; no                       ; no            ; no             ; no            ; no            ; no         ; no            ; TTL          ;
; instruction[4]  ; 159   ;  D  ; --   ; no           ; no                       ; no            ; no             ; no            ; no            ; no         ; no            ; TTL          ;
; instruction[3]  ; 6     ;  A  ; --   ; no           ; no                       ; no            ; no             ; no            ; no            ; no         ; no            ; TTL          ;
; instruction[2]  ; 127   ;  I  ; --   ; no           ; no                       ; no            ; no             ; no            ; no            ; no         ; no            ; TTL          ;
; instruction[1]  ; 200   ; --  ; 20   ; no           ; no                       ; no            ; no             ; no            ; no            ; no         ; no            ; TTL          ;
; instruction[0]  ; 134   ;  H  ; --   ; no           ; no                       ; no            ; no             ; no            ; no            ; no         ; no            ; TTL          ;
; opCodeOut[3]    ; 158   ;  D  ; --   ; no           ; no                       ; no            ; no             ; no            ; no            ; no         ; no            ; TTL          ;
; opCodeOut[2]    ; 55    ;  I  ; --   ; no           ; no                       ; no            ; no             ; no            ; no            ; no         ; no            ; TTL          ;
; opCodeOut[1]    ; 36    ;  F  ; --   ; no           ; no                       ; no            ; no             ; no            ; no            ; no         ; no            ; TTL          ;
; opCodeOut[0]    ; 51    ;  I  ; --   ; no           ; no                       ; no            ; no             ; no            ; no            ; no         ; no            ; TTL          ;
; outputPC[7]     ; 208   ; --  ; 25   ; no           ; no                       ; no            ; no             ; no            ; no            ; no         ; no            ; TTL          ;
; outputPC[6]     ; 29    ;  D  ; --   ; no           ; no                       ; no            ; no             ; no            ; no            ; no         ; no            ; TTL          ;
; outputPC[5]     ; 207   ; --  ; 25   ; no           ; no                       ; no            ; no             ; no            ; no            ; no         ; no            ; TTL          ;
; outputPC[4]     ; 14    ;  B  ; --   ; no           ; no                       ; no            ; no             ; no            ; no            ; no         ; no            ; TTL          ;
; outputPC[3]     ; 173   ;  A  ; --   ; no           ; no                       ; no            ; no             ; no            ; no            ; no         ; no            ; TTL          ;
; outputPC[2]     ; 13    ;  B  ; --   ; no           ; no                       ; no            ; no             ; no            ; no            ; no         ; no            ; TTL          ;
; outputPC[1]     ; 174   ;  A  ; --   ; no           ; no                       ; no            ; no             ; no            ; no            ; no         ; no            ; TTL          ;
; outputPC[0]     ; 137   ;  H  ; --   ; no           ; no                       ; no            ; no             ; no            ; no            ; no         ; no            ; TTL          ;
; reg1[2]         ; 48    ;  H  ; --   ; no           ; no                       ; no            ; no             ; no            ; no            ; no         ; no            ; TTL          ;
; reg1[1]         ; 166   ;  B  ; --   ; no           ; no                       ; no            ; no             ; no            ; no            ; no         ; no            ; TTL          ;
; reg1[0]         ; 21    ;  C  ; --   ; no           ; no                       ; no            ; no             ; no            ; no            ; no         ; no            ; TTL          ;
; reg2[2]         ; 50    ;  H  ; --   ; no           ; no                       ; no            ; no             ; no            ; no            ; no         ; no            ; TTL          ;
; reg2[1]         ; 146   ;  F  ; --   ; no           ; no                       ; no            ; no             ; no            ; no            ; no         ; no            ; TTL          ;
; reg2[0]         ; 35    ;  E  ; --   ; no           ; no                       ; no            ; no             ; no            ; no            ; no         ; no            ; TTL          ;
; reg3[2]         ; 24    ;  C  ; --   ; no           ; no                       ; no            ; no             ; no            ; no            ; no         ; no            ; TTL          ;
; reg3[1]         ; 26    ;  D  ; --   ; no           ; no                       ; no            ; no             ; no            ; no            ; no         ; no            ; TTL          ;
; reg3[0]         ; 8     ;  A  ; --   ; no           ; no                       ; no            ; no             ; no            ; no            ; no         ; no            ; TTL          ;
; overflowFlag    ; 218   ; --  ; 32   ; no           ; no                       ; no            ; no             ; no            ; no            ; no         ; no            ; TTL          ;
; readReg1[7]     ; 196   ; --  ; 16   ; no           ; no                       ; no            ; no             ; no            ; no            ; no         ; no            ; TTL          ;
; readReg1[6]     ; 226   ; --  ; 38   ; no           ; no                       ; no            ; no             ; no            ; no            ; no         ; no            ; TTL          ;
; readReg1[5]     ; 12    ;  B  ; --   ; no           ; no                       ; no            ; no             ; no            ; no            ; no         ; no            ; TTL          ;
; readReg1[4]     ; 30    ;  E  ; --   ; no           ; no                       ; no            ; no             ; no            ; no            ; no         ; no            ; TTL          ;
; readReg1[3]     ; 34    ;  E  ; --   ; no           ; no                       ; no            ; no             ; no            ; no            ; no         ; no            ; TTL          ;
; readReg1[2]     ; 40    ;  F  ; --   ; no           ; no                       ; no            ; no             ; no            ; no            ; no         ; no            ; TTL          ;
; readReg1[1]     ; 183   ; --  ; 5    ; no           ; no                       ; no            ; no             ; no            ; no            ; no         ; no            ; TTL          ;
; readReg1[0]     ; 100   ; --  ; 18   ; no           ; no                       ; no            ; no             ; no            ; no            ; no         ; no            ; TTL          ;
; readReg2[7]     ; 78    ; --  ; 36   ; no           ; no                       ; no            ; no             ; no            ; no            ; no         ; no            ; TTL          ;
; readReg2[6]     ; 116   ; --  ; 5    ; no           ; no                       ; no            ; no             ; no            ; no            ; no         ; no            ; TTL          ;
; readReg2[5]     ; 202   ; --  ; 22   ; no           ; no                       ; no            ; no             ; no            ; no            ; no         ; no            ; TTL          ;
; readReg2[4]     ; 187   ; --  ; 9    ; no           ; no                       ; no            ; no             ; no            ; no            ; no         ; no            ; TTL          ;
; readReg2[3]     ; 162   ;  C  ; --   ; no           ; no                       ; no            ; no             ; no            ; no            ; no         ; no            ; TTL          ;
; readReg2[2]     ; 102   ; --  ; 17   ; no           ; no                       ; no            ; no             ; no            ; no            ; no         ; no            ; TTL          ;
; readReg2[1]     ; 149   ;  E  ; --   ; no           ; no                       ; no            ; no             ; no            ; no            ; no         ; no            ; TTL          ;
; readReg2[0]     ; 213   ; --  ; 27   ; no           ; no                       ; no            ; no             ; no            ; no            ; no         ; no            ; TTL          ;
+-----------------+-------+-----+------+--------------+--------------------------+---------------+----------------+---------------+---------------+------------+---------------+--------------+


+----------------------------------------+
; All Package Pins                       ;
+-------+-----------------+--------------+
; Pin # ; Usage           ; I/O Standard ;
+-------+-----------------+--------------+
; 1     ; #TCK            ;              ;
; 2     ; ^CONF_DONE      ;              ;
; 3     ; ^nCEO           ;              ;
; 4     ; #TDO            ;              ;
; 5     ; VCC_INT         ;              ;
; 6     ; instruction[3]  ; TTL          ;
; 7     ; imm9[3]         ; TTL          ;
; 8     ; reg3[0]         ; TTL          ;
; 9     ; GND*            ;              ;
; 10    ; GND_INT         ;              ;
; 11    ; GND*            ;              ;
; 12    ; readReg1[5]     ; TTL          ;
; 13    ; outputPC[2]     ; TTL          ;
; 14    ; outputPC[4]     ; TTL          ;
; 15    ; GND*            ;              ;
; 16    ; VCC_INT         ;              ;
; 17    ; instruction[10] ; TTL          ;
; 18    ; GND*            ;              ;
; 19    ; signFlag        ; TTL          ;
; 20    ; imm9[5]         ; TTL          ;
; 21    ; reg1[0]         ; TTL          ;
; 22    ; GND_INT         ;              ;
; 23    ; instruction[9]  ; TTL          ;
; 24    ; reg3[2]         ; TTL          ;
; 25    ; imm6[4]         ; TTL          ;
; 26    ; reg3[1]         ; TTL          ;
; 27    ; VCC_INT         ;              ;
; 28    ; clk2            ; TTL          ;
; 29    ; outputPC[6]     ; TTL          ;
; 30    ; readReg1[4]     ; TTL          ;
; 31    ; imm9[6]         ; TTL          ;
; 32    ; GND_INT         ;              ;
; 33    ; instruction[6]  ; TTL          ;
; 34    ; readReg1[3]     ; TTL          ;
; 35    ; reg2[0]         ; TTL          ;
; 36    ; opCodeOut[1]    ; TTL          ;
; 37    ; VCC_INT         ;              ;
; 38    ; imm9[7]         ; TTL          ;
; 39    ; GND*            ;              ;
; 40    ; readReg1[2]     ; TTL          ;
; 41    ; imm6[5]         ; TTL          ;
; 42    ; GND_INT         ;              ;
; 43    ; aluCode[1]      ; TTL          ;
; 44    ; imm9[1]         ; TTL          ;
; 45    ; ALUOp[0]        ; TTL          ;
; 46    ; imm9[8]         ; TTL          ;
; 47    ; VCC_INT         ;              ;
; 48    ; reg1[2]         ; TTL          ;
; 49    ; instruction[8]  ; TTL          ;
; 50    ; reg2[2]         ; TTL          ;
; 51    ; opCodeOut[0]    ; TTL          ;
; 52    ; GND_INT         ;              ;
; 53    ; GND*            ;              ;
; 54    ; imm6[2]         ; TTL          ;
; 55    ; opCodeOut[2]    ; TTL          ;
; 56    ; aluCode[2]      ; TTL          ;
; 57    ; VCC_INT         ;              ;
; 58    ; #TMS            ;              ;
; 59    ; #TRST           ;              ;
; 60    ; ^nSTATUS        ;              ;
; 61    ; GND*            ;              ;
; 62    ; GND*            ;              ;
; 63    ; GND*            ;              ;
; 64    ; GND*            ;              ;
; 65    ; GND*            ;              ;
; 66    ; GND*            ;              ;
; 67    ; GND*            ;              ;
; 68    ; GND*            ;              ;
; 69    ; GND_INT         ;              ;
; 70    ; GND*            ;              ;
; 71    ; GND*            ;              ;
; 72    ; GND*            ;              ;
; 73    ; GND*            ;              ;
; 74    ; GND*            ;              ;
; 75    ; GND*            ;              ;
; 76    ; GND*            ;              ;
; 77    ; VCC_INT         ;              ;
; 78    ; readReg2[7]     ; TTL          ;
; 79    ; GND*            ;              ;
; 80    ; GND*            ;              ;
; 81    ; GND*            ;              ;
; 82    ; GND*            ;              ;
; 83    ; GND*            ;              ;
; 84    ; GND*            ;              ;
; 85    ; GND_INT         ;              ;
; 86    ; clk1            ; TTL          ;
; 87    ; GND*            ;              ;
; 88    ; GND*            ;              ;
; 89    ; VCC_INT         ;              ;
; 90    ; GND+            ;              ;
; 91    ; clk             ; TTL          ;
; 92    ; GND+            ;              ;
; 93    ; GND_INT         ;              ;
; 94    ; aluOutput[0]    ; TTL          ;
; 95    ; GND*            ;              ;
; 96    ; VCC_INT         ;              ;
; 97    ; GND*            ;              ;
; 98    ; aluOutput[2]    ; TTL          ;
; 99    ; GND*            ;              ;
; 100   ; readReg1[0]     ; TTL          ;
; 101   ; GND*            ;              ;
; 102   ; readReg2[2]     ; TTL          ;
; 103   ; GND*            ;              ;
; 104   ; GND_INT         ;              ;
; 105   ; GND*            ;              ;
; 106   ; GND*            ;              ;
; 107   ; GND*            ;              ;
; 108   ; GND*            ;              ;
; 109   ; ALUSrc          ; TTL          ;
; 110   ; GND*            ;              ;
; 111   ; GND*            ;              ;
; 112   ; VCC_INT         ;              ;
; 113   ; GND*            ;              ;
; 114   ; GND*            ;              ;
; 115   ; GND*            ;              ;
; 116   ; readReg2[6]     ; TTL          ;
; 117   ; GND*            ;              ;
; 118   ; GND*            ;              ;
; 119   ; GND*            ;              ;
; 120   ; GND*            ;              ;
; 121   ; ^nCONFIG        ;              ;
; 122   ; VCC_INT         ;              ;
; 123   ; ^MSEL1          ;              ;
; 124   ; ^MSEL0          ;              ;
; 125   ; GND_INT         ;              ;
; 126   ; imm9[2]         ; TTL          ;
; 127   ; instruction[2]  ; TTL          ;
; 128   ; instruction[14] ; TTL          ;
; 129   ; GND*            ;              ;
; 130   ; VCC_INT         ;              ;
; 131   ; imm6[0]         ; TTL          ;
; 132   ; instruction[11] ; TTL          ;
; 133   ; imm9[0]         ; TTL          ;
; 134   ; instruction[0]  ; TTL          ;
; 135   ; GND_INT         ;              ;
; 136   ; aluCode[0]      ; TTL          ;
; 137   ; outputPC[0]     ; TTL          ;
; 138   ; aluOutput[4]    ; TTL          ;
; 139   ; aluOutput[5]    ; TTL          ;
; 140   ; VCC_INT         ;              ;
; 141   ; aluOutput[1]    ; TTL          ;
; 142   ; GND*            ;              ;
; 143   ; MemRead         ; TTL          ;
; 144   ; GND*            ;              ;
; 145   ; GND_INT         ;              ;
; 146   ; reg2[1]         ; TTL          ;
; 147   ; instruction[13] ; TTL          ;
; 148   ; instruction[7]  ; TTL          ;
; 149   ; readReg2[1]     ; TTL          ;
; 150   ; VCC_INT         ;              ;
; 151   ; imm6[1]         ; TTL          ;
; 152   ; GND*            ;              ;
; 153   ; instruction[12] ; TTL          ;
; 154   ; zeroFlag        ; TTL          ;
; 155   ; GND_INT         ;              ;
; 156   ; imm9[4]         ; TTL          ;
; 157   ; instruction[15] ; TTL          ;
; 158   ; opCodeOut[3]    ; TTL          ;
; 159   ; instruction[4]  ; TTL          ;
; 160   ; VCC_INT         ;              ;
; 161   ; GND*            ;              ;
; 162   ; readReg2[3]     ; TTL          ;
; 163   ; aluOutput[7]    ; TTL          ;
; 164   ; instruction[5]  ; TTL          ;
; 165   ; GND_INT         ;              ;
; 166   ; reg1[1]         ; TTL          ;
; 167   ; RegWrite        ; TTL          ;
; 168   ; ALUOp[1]        ; TTL          ;
; 169   ; RegDst          ; TTL          ;
; 170   ; VCC_INT         ;              ;
; 171   ; imm6[3]         ; TTL          ;
; 172   ; Branch          ; TTL          ;
; 173   ; outputPC[3]     ; TTL          ;
; 174   ; outputPC[1]     ; TTL          ;
; 175   ; ALUOp[2]        ; TTL          ;
; 176   ; GND_INT         ;              ;
; 177   ; #TDI            ;              ;
; 178   ; ^nCE            ;              ;
; 179   ; ^DCLK           ;              ;
; 180   ; ^DATA0          ;              ;
; 181   ; GND*            ;              ;
; 182   ; GND*            ;              ;
; 183   ; readReg1[1]     ; TTL          ;
; 184   ; GND*            ;              ;
; 185   ; GND*            ;              ;
; 186   ; GND*            ;              ;
; 187   ; readReg2[4]     ; TTL          ;
; 188   ; GND*            ;              ;
; 189   ; VCC_INT         ;              ;
; 190   ; GND*            ;              ;
; 191   ; MemToReg        ; TTL          ;
; 192   ; MemWrite        ; TTL          ;
; 193   ; GND*            ;              ;
; 194   ; GND*            ;              ;
; 195   ; GND*            ;              ;
; 196   ; readReg1[7]     ; TTL          ;
; 197   ; GND_INT         ;              ;
; 198   ; GND*            ;              ;
; 199   ; GND*            ;              ;
; 200   ; instruction[1]  ; TTL          ;
; 201   ; aluOutput[3]    ; TTL          ;
; 202   ; readReg2[5]     ; TTL          ;
; 203   ; GND*            ;              ;
; 204   ; aluOutput[6]    ; TTL          ;
; 205   ; VCC_INT         ;              ;
; 206   ; GND*            ;              ;
; 207   ; outputPC[5]     ; TTL          ;
; 208   ; outputPC[7]     ; TTL          ;
; 209   ; GND*            ;              ;
; 210   ; GND+            ;              ;
; 211   ; GND+            ;              ;
; 212   ; reset           ; TTL          ;
; 213   ; readReg2[0]     ; TTL          ;
; 214   ; GND*            ;              ;
; 215   ; GND*            ;              ;
; 216   ; GND_INT         ;              ;
; 217   ; GND*            ;              ;
; 218   ; overflowFlag    ; TTL          ;
; 219   ; GND*            ;              ;
; 220   ; GND*            ;              ;
; 221   ; GND*            ;              ;
; 222   ; GND*            ;              ;
; 223   ; GND*            ;              ;
; 224   ; VCC_INT         ;              ;
; 225   ; GND*            ;              ;
; 226   ; readReg1[6]     ; TTL          ;
; 227   ; GND*            ;              ;
; 228   ; GND*            ;              ;
; 229   ; GND*            ;              ;
; 230   ; GND*            ;              ;
; 231   ; GND*            ;              ;
; 232   ; GND_INT         ;              ;
; 233   ; GND*            ;              ;
; 234   ; GND*            ;              ;
; 235   ; GND*            ;              ;
; 236   ; GND*            ;              ;
; 237   ; GND*            ;              ;
; 238   ; GND*            ;              ;
; 239   ; GND*            ;              ;
; 240   ; GND*            ;              ;
+-------+-----------------+--------------+


+---------------------------------------------------------------------------------------------+
; Control Signals                                                                             ;
+-----------------------------+---------+---------+----------------------------+--------------+
; Name                        ; Pin #   ; Fan-Out ; Usage                      ; Global Usage ;
+-----------------------------+---------+---------+----------------------------+--------------+
; ClockSplitter:inst|clk1Temp ; LC1_D29 ; 10      ; Clock                      ; Internal     ;
; reset                       ; 212     ; 17      ; Async. clear / Async. load ; Pin          ;
; Clock1Hz:inst44|clockTmp    ; LC7_D37 ; 3       ; Clock                      ; Non-global   ;
; clk                         ; 91      ; 15      ; Clock                      ; Pin          ;
; Clock1Hz:inst44|Equal0~2    ; LC1_D37 ; 7       ; Clock enable               ; Non-global   ;
+-----------------------------+---------+---------+----------------------------+--------------+


+----------------------------------------------------------+
; Global & Other Fast Signals                              ;
+-----------------------------+---------+---------+--------+
; Name                        ; Pin #   ; Fan-Out ; Global ;
+-----------------------------+---------+---------+--------+
; ClockSplitter:inst|clk1Temp ; LC1_D29 ; 10      ; yes    ;
; reset                       ; 212     ; 17      ; yes    ;
; clk                         ; 91      ; 15      ; yes    ;
+-----------------------------+---------+---------+--------+


+---------------------------------------------+
; Carry Chains                                ;
+--------------------+------------------------+
; Carry Chain Length ; Number of Carry Chains ;
+--------------------+------------------------+
; 0                  ; 0                      ;
; 1                  ; 0                      ;
; 2                  ; 0                      ;
; 3                  ; 0                      ;
; 4                  ; 0                      ;
; 5                  ; 0                      ;
; 6                  ; 0                      ;
; 7                  ; 0                      ;
; 8                  ; 2                      ;
; 9                  ; 0                      ;
; 10                 ; 0                      ;
; 11                 ; 0                      ;
; 12                 ; 0                      ;
; 13                 ; 0                      ;
; 14                 ; 1                      ;
+--------------------+------------------------+


+----------------+
; Cascade Chains ;
+--------+-------+
; Length ; Count ;
+--------+-------+
; 2      ; 1     ;
+--------+-------+


+-------------------------------------------------------------------------------+
; Embedded Cells                                                                ;
+--------+-------------------------------------------------------+------+-------+
; Cell # ; Name                                                  ; Mode ; Turbo ;
+--------+-------------------------------------------------------+------+-------+
; EC2_G  ; Rom:inst3|lpm_rom:lpm_rom_component|altrom:srom|q[2]  ; RAM  ; Off   ;
; EC4_G  ; Rom:inst3|lpm_rom:lpm_rom_component|altrom:srom|q[1]  ; RAM  ; Off   ;
; EC8_G  ; Rom:inst3|lpm_rom:lpm_rom_component|altrom:srom|q[0]  ; RAM  ; Off   ;
; EC7_G  ; Rom:inst3|lpm_rom:lpm_rom_component|altrom:srom|q[5]  ; RAM  ; Off   ;
; EC6_G  ; Rom:inst3|lpm_rom:lpm_rom_component|altrom:srom|q[4]  ; RAM  ; Off   ;
; EC4_H  ; Rom:inst3|lpm_rom:lpm_rom_component|altrom:srom|q[3]  ; RAM  ; Off   ;
; EC1_H  ; Rom:inst3|lpm_rom:lpm_rom_component|altrom:srom|q[8]  ; RAM  ; Off   ;
; EC5_H  ; Rom:inst3|lpm_rom:lpm_rom_component|altrom:srom|q[7]  ; RAM  ; Off   ;
; EC2_H  ; Rom:inst3|lpm_rom:lpm_rom_component|altrom:srom|q[6]  ; RAM  ; Off   ;
; EC1_G  ; Rom:inst3|lpm_rom:lpm_rom_component|altrom:srom|q[15] ; RAM  ; Off   ;
; EC3_G  ; Rom:inst3|lpm_rom:lpm_rom_component|altrom:srom|q[14] ; RAM  ; Off   ;
; EC7_H  ; Rom:inst3|lpm_rom:lpm_rom_component|altrom:srom|q[13] ; RAM  ; Off   ;
; EC5_G  ; Rom:inst3|lpm_rom:lpm_rom_component|altrom:srom|q[12] ; RAM  ; Off   ;
; EC6_H  ; Rom:inst3|lpm_rom:lpm_rom_component|altrom:srom|q[11] ; RAM  ; Off   ;
; EC3_H  ; Rom:inst3|lpm_rom:lpm_rom_component|altrom:srom|q[10] ; RAM  ; Off   ;
; EC8_H  ; Rom:inst3|lpm_rom:lpm_rom_component|altrom:srom|q[9]  ; RAM  ; Off   ;
+--------+-------------------------------------------------------+------+-------+


+-------------------------------------------------------------------------------------------------------------+
; Non-Global High Fan-Out Signals                                                                             ;
+---------------------------------------------------------------------------------------------------+---------+
; Name                                                                                              ; Fan-Out ;
+---------------------------------------------------------------------------------------------------+---------+
; Rom:inst3|lpm_rom:lpm_rom_component|altrom:srom|q[15]                                             ; 19      ;
; Rom:inst3|lpm_rom:lpm_rom_component|altrom:srom|q[14]                                             ; 19      ;
; Rom:inst3|lpm_rom:lpm_rom_component|altrom:srom|q[13]                                             ; 19      ;
; ProgramCounter:inst1|lpm_counter:tempPC_rtl_0|alt_counter_f10ke:wysi_counter|counter_cell[3]~COUT ; 18      ;
; ProgramCounter:inst1|lpm_counter:tempPC_rtl_0|alt_counter_f10ke:wysi_counter|counter_cell[2]~COUT ; 18      ;
; ProgramCounter:inst1|lpm_counter:tempPC_rtl_0|alt_counter_f10ke:wysi_counter|counter_cell[4]~COUT ; 18      ;
; ProgramCounter:inst1|lpm_counter:tempPC_rtl_0|alt_counter_f10ke:wysi_counter|counter_cell[6]~COUT ; 18      ;
; ProgramCounter:inst1|lpm_counter:tempPC_rtl_0|alt_counter_f10ke:wysi_counter|counter_cell[5]~COUT ; 18      ;
; ProgramCounter:inst1|lpm_counter:tempPC_rtl_0|alt_counter_f10ke:wysi_counter|counter_cell[1]~COUT ; 18      ;
; ProgramCounter:inst1|lpm_counter:tempPC_rtl_0|alt_counter_f10ke:wysi_counter|counter_cell[0]~COUT ; 18      ;
; ProgramCounter:inst1|lpm_counter:tempPC_rtl_0|alt_counter_f10ke:wysi_counter|counter_cell[7]~0    ; 17      ;
; Rom:inst3|lpm_rom:lpm_rom_component|altrom:srom|q[1]                                              ; 10      ;
; Rom:inst3|lpm_rom:lpm_rom_component|altrom:srom|q[2]                                              ; 9       ;
; ALU:inst42|varOutput[7]~100                                                                       ; 9       ;
; Clock1Hz:inst44|Equal0~11                                                                         ; 7       ;
; ALU:inst42|varOutput[0]~97                                                                        ; 7       ;
; ALU:inst42|lpm_add_sub:Add1|addcore:adder|$00006                                                  ; 7       ;
; Rom:inst3|lpm_rom:lpm_rom_component|altrom:srom|q[0]                                              ; 7       ;
; ALU:inst42|varOutput[0]~96                                                                        ; 7       ;
; Rom:inst3|lpm_rom:lpm_rom_component|altrom:srom|q[12]                                             ; 6       ;
; Rom:inst3|lpm_rom:lpm_rom_component|altrom:srom|q[3]                                              ; 5       ;
; Rom:inst3|lpm_rom:lpm_rom_component|altrom:srom|q[4]                                              ; 5       ;
; Rom:inst3|lpm_rom:lpm_rom_component|altrom:srom|q[5]                                              ; 5       ;
; ALU:inst42|varOutput[6]~113                                                                       ; 5       ;
; Control:inst13|ALUOp[0]~2                                                                         ; 4       ;
; ALU:inst42|varOutput[6]~112                                                                       ; 3       ;
; ALU:inst42|varOutput[2]~105                                                                       ; 3       ;
; ALU:inst42|varOutput[0]~101                                                                       ; 3       ;
; ALU:inst42|varOutput[1]~103                                                                       ; 3       ;
; Clock1Hz:inst44|lpm_add_sub:Add0|addcore:adder|a_csnbuffer:result_node|cs_buffer[0]~COUT          ; 3       ;
; ALU:inst42|varOutput[5]~111                                                                       ; 3       ;
; ALU:inst42|varOutput[4]~109                                                                       ; 3       ;
; ALU:inst42|varOutput[3]~107                                                                       ; 3       ;
; Clock1Hz:inst44|clockTmp~1                                                                        ; 3       ;
; Rom:inst3|lpm_rom:lpm_rom_component|altrom:srom|q[6]                                              ; 3       ;
; Rom:inst3|lpm_rom:lpm_rom_component|altrom:srom|q[7]                                              ; 3       ;
; Rom:inst3|lpm_rom:lpm_rom_component|altrom:srom|q[8]                                              ; 3       ;
; Control:inst13|ALUSrc~1                                                                           ; 2       ;
; Clock1Hz:inst44|lpm_add_sub:Add0|addcore:adder|a_csnbuffer:result_node|cs_buffer[6]~COUT          ; 2       ;
; Clock1Hz:inst44|lpm_add_sub:Add0|addcore:adder|a_csnbuffer:result_node|cs_buffer[3]~COUT          ; 2       ;
; Clock1Hz:inst44|lpm_add_sub:Add0|addcore:adder|a_csnbuffer:result_node|cs_buffer[2]~COUT          ; 2       ;
; Clock1Hz:inst44|lpm_add_sub:Add0|addcore:adder|a_csnbuffer:result_node|cs_buffer[4]~COUT          ; 2       ;
; Clock1Hz:inst44|cnt[1]~33                                                                         ; 2       ;
; ALU:inst42|lpm_add_sub:Add1|addcore:adder|a_csnbuffer:result_node|cs_buffer[2]~COUT               ; 2       ;
; Clock1Hz:inst44|lpm_add_sub:Add0|addcore:adder|a_csnbuffer:result_node|cs_buffer[5]~COUT          ; 2       ;
; busmux:inst23|lpm_mux:$00000|muxlut:$00019|result_node~3                                          ; 2       ;
; ALU:inst42|lpm_add_sub:Add1|addcore:adder|a_csnbuffer:result_node|cs_buffer[1]~COUT               ; 2       ;
; ALU:inst42|lpm_add_sub:Add1|addcore:adder|a_csnbuffer:result_node|cs_buffer[4]~COUT               ; 2       ;
; ALU:inst42|lpm_add_sub:Add1|addcore:adder|a_csnbuffer:result_node|cs_buffer[3]~COUT               ; 2       ;
; ALU:inst42|lpm_add_sub:Add1|addcore:adder|a_csnbuffer:result_node|cs_buffer[5]~COUT               ; 2       ;
+---------------------------------------------------------------------------------------------------+---------+


+--------------------------------------------------------------------------------------------------------+
; Peripheral Signals                                                                                     ;
+-----------------------------+---------+-------+-----------------+---------------------------+----------+
; Peripheral Signal           ; Source  ; Usage ; Dedicated Clock ; Peripheral Control Signal ; Polarity ;
+-----------------------------+---------+-------+-----------------+---------------------------+----------+
; ClockSplitter:inst|clk1Temp ; LC1_D29 ; Clock ; no              ; yes                       ; -ve      ;
+-----------------------------+---------+-------+-----------------+---------------------------+----------+


+-------------------------------------------+
; LAB                                       ;
+--------------------------+----------------+
; Number of Logic Elements ; Number of LABs ;
+--------------------------+----------------+
; 0                        ; 429            ;
; 1                        ; 23             ;
; 2                        ; 3              ;
; 3                        ; 2              ;
; 4                        ; 0              ;
; 5                        ; 0              ;
; 6                        ; 1              ;
; 7                        ; 1              ;
; 8                        ; 9              ;
+--------------------------+----------------+


+----------------------------------------------+
; Local Routing Interconnect                   ;
+-----------------------------+----------------+
; Local Routing Interconnects ; Number of LABs ;
+-----------------------------+----------------+
; 0                           ; 457            ;
; 1                           ; 3              ;
; 2                           ; 2              ;
; 3                           ; 1              ;
; 4                           ; 1              ;
; 5                           ; 0              ;
; 6                           ; 2              ;
; 7                           ; 2              ;
+-----------------------------+----------------+


+---------------------------------------------+
; LAB External Interconnect                   ;
+----------------------------+----------------+
; LAB External Interconnects ; Number of LABs ;
+----------------------------+----------------+
; 0                          ; 430            ;
; 1                          ; 25             ;
; 2                          ; 0              ;
; 3                          ; 1              ;
; 4                          ; 2              ;
; 5                          ; 2              ;
; 6                          ; 3              ;
; 7                          ; 1              ;
; 8                          ; 1              ;
; 9                          ; 2              ;
; 10                         ; 1              ;
+----------------------------+----------------+


+-----------------------------------------------------------------------------------------+
; Row Interconnect                                                                        ;
+-------+--------------------+-----------------------------+------------------------------+
; Row   ; Interconnect Used  ; Left Half Interconnect Used ; Right Half Interconnect Used ;
+-------+--------------------+-----------------------------+------------------------------+
;  A    ;  1 / 208 ( < 1 % ) ;  4 / 104 ( 4 % )            ;  3 / 104 ( 3 % )             ;
;  B    ;  3 / 208 ( 1 % )   ;  4 / 104 ( 4 % )            ;  0 / 104 ( 0 % )             ;
;  C    ;  4 / 208 ( 2 % )   ;  1 / 104 ( < 1 % )          ;  4 / 104 ( 4 % )             ;
;  D    ;  3 / 208 ( 1 % )   ;  3 / 104 ( 3 % )            ;  30 / 104 ( 29 % )           ;
;  E    ;  2 / 208 ( < 1 % ) ;  2 / 104 ( 2 % )            ;  2 / 104 ( 2 % )             ;
;  F    ;  3 / 208 ( 1 % )   ;  2 / 104 ( 2 % )            ;  1 / 104 ( < 1 % )           ;
;  G    ;  14 / 208 ( 7 % )  ;  28 / 104 ( 27 % )          ;  1 / 104 ( < 1 % )           ;
;  H    ;  4 / 208 ( 2 % )   ;  12 / 104 ( 12 % )          ;  3 / 104 ( 3 % )             ;
;  I    ;  3 / 208 ( 1 % )   ;  2 / 104 ( 2 % )            ;  3 / 104 ( 3 % )             ;
; Total ;  37 / 1872 ( 2 % ) ;  58 / 936 ( 6 % )           ;  47 / 936 ( 5 % )            ;
+-------+--------------------+-----------------------------+------------------------------+


+----------------------------+
; LAB Column Interconnect    ;
+-------+--------------------+
; Col.  ; Interconnect Used  ;
+-------+--------------------+
; 1     ;  0 / 24 ( 0 % )    ;
; 2     ;  0 / 24 ( 0 % )    ;
; 3     ;  0 / 24 ( 0 % )    ;
; 4     ;  0 / 24 ( 0 % )    ;
; 5     ;  0 / 24 ( 0 % )    ;
; 6     ;  0 / 24 ( 0 % )    ;
; 7     ;  1 / 24 ( 4 % )    ;
; 8     ;  0 / 24 ( 0 % )    ;
; 9     ;  0 / 24 ( 0 % )    ;
; 10    ;  0 / 24 ( 0 % )    ;
; 11    ;  3 / 24 ( 13 % )   ;
; 12    ;  2 / 24 ( 8 % )    ;
; 13    ;  0 / 24 ( 0 % )    ;
; 14    ;  0 / 24 ( 0 % )    ;
; 15    ;  0 / 24 ( 0 % )    ;
; 16    ;  0 / 24 ( 0 % )    ;
; 17    ;  0 / 24 ( 0 % )    ;
; 18    ;  0 / 24 ( 0 % )    ;
; 19    ;  1 / 24 ( 4 % )    ;
; 20    ;  3 / 24 ( 13 % )   ;
; 21    ;  2 / 24 ( 8 % )    ;
; 22    ;  1 / 24 ( 4 % )    ;
; 23    ;  2 / 24 ( 8 % )    ;
; 24    ;  1 / 24 ( 4 % )    ;
; 25    ;  2 / 24 ( 8 % )    ;
; 26    ;  8 / 24 ( 33 % )   ;
; 27    ;  0 / 24 ( 0 % )    ;
; 28    ;  0 / 24 ( 0 % )    ;
; 29    ;  1 / 24 ( 4 % )    ;
; 30    ;  1 / 24 ( 4 % )    ;
; 31    ;  0 / 24 ( 0 % )    ;
; 32    ;  0 / 24 ( 0 % )    ;
; 33    ;  0 / 24 ( 0 % )    ;
; 34    ;  0 / 24 ( 0 % )    ;
; 35    ;  0 / 24 ( 0 % )    ;
; 36    ;  0 / 24 ( 0 % )    ;
; 37    ;  0 / 24 ( 0 % )    ;
; 38    ;  0 / 24 ( 0 % )    ;
; 39    ;  0 / 24 ( 0 % )    ;
; 40    ;  0 / 24 ( 0 % )    ;
; 41    ;  0 / 24 ( 0 % )    ;
; 42    ;  0 / 24 ( 0 % )    ;
; 43    ;  0 / 24 ( 0 % )    ;
; 44    ;  0 / 24 ( 0 % )    ;
; 45    ;  0 / 24 ( 0 % )    ;
; 46    ;  0 / 24 ( 0 % )    ;
; 47    ;  0 / 24 ( 0 % )    ;
; 48    ;  0 / 24 ( 0 % )    ;
; 49    ;  2 / 24 ( 8 % )    ;
; 50    ;  0 / 24 ( 0 % )    ;
; 51    ;  0 / 24 ( 0 % )    ;
; 52    ;  0 / 24 ( 0 % )    ;
; Total ;  30 / 1248 ( 2 % ) ;
+-------+--------------------+


+---------------------------+
; LAB Column Interconnect   ;
+-------+-------------------+
; Col.  ; Interconnect Used ;
+-------+-------------------+
; 1     ;  11 / 24 ( 46 % ) ;
; Total ;  11 / 24 ( 46 % ) ;
+-------+-------------------+


+----------------------------------------------------------------------------------------------------------------------------------+
; Fitter Resource Usage Summary                                                                                                    ;
+-----------------------------------+----------------------------------------------------------------------------------------------+
; Resource                          ; Usage                                                                                        ;
+-----------------------------------+----------------------------------------------------------------------------------------------+
; Total logic elements              ; 120 / 3,744 ( 3 % )                                                                          ;
; Registers                         ; 25 / 3,744 ( < 1 % )                                                                         ;
; Logic elements in carry chains    ; 30                                                                                           ;
; User inserted logic elements      ; 0                                                                                            ;
; I/O pins                          ; 96 / 189 ( 51 % )                                                                            ;
;     -- Clock pins                 ; 2 / 2 ( 100 % )                                                                              ;
;     -- Dedicated input pins       ; 3 / 4 ( 75 % )                                                                               ;
; Global signals                    ; 3                                                                                            ;
; EABs                              ; 2 / 9 ( 22 % )                                                                               ;
; Total memory bits                 ; 4,096 / 18,432 ( 22 % )                                                                      ;
; Total RAM block bits              ; 4,096 / 18,432 ( 22 % )                                                                      ;
; Maximum fan-out node              ; ProgramCounter:inst1|lpm_counter:tempPC_rtl_0|alt_counter_f10ke:wysi_counter|counter_cell[6] ;
; Maximum fan-out                   ; 34                                                                                           ;
; Highest non-global fan-out signal ; ProgramCounter:inst1|lpm_counter:tempPC_rtl_0|alt_counter_f10ke:wysi_counter|counter_cell[7] ;
; Highest non-global fan-out        ; 33                                                                                           ;
; Total fan-out                     ; 508                                                                                          ;
; Average fan-out                   ; 2.19                                                                                         ;
+-----------------------------------+----------------------------------------------------------------------------------------------+


+-------------------------------------------------------------------------------------------------------------------------------------------------------------------------------------------------------------------------------------------------------------------------------------------+
; Fitter Resource Utilization by Entity                                                                                                                                                                                                                                                     ;
+-------------------------------------------+-------------+--------------+-------------+------+--------------+-------------------+------------------+-----------------+------------+-----------------------------------------------------------------------------------------+--------------+
; Compilation Hierarchy Node                ; Logic Cells ; LC Registers ; Memory Bits ; Pins ; LUT-Only LCs ; Register-Only LCs ; LUT/Register LCs ; Carry Chain LCs ; Packed LCs ; Full Hierarchy Name                                                                     ; Library Name ;
+-------------------------------------------+-------------+--------------+-------------+------+--------------+-------------------+------------------+-----------------+------------+-----------------------------------------------------------------------------------------+--------------+
; |Processor                                ; 120 (31)    ; 25           ; 4096        ; 96   ; 95 (31)      ; 7 (0)             ; 18 (0)           ; 30 (0)          ; 0 (0)      ; |Processor                                                                              ; work         ;
;    |ALU:inst42|                           ; 33 (25)     ; 0            ; 0           ; 0    ; 33 (25)      ; 0 (0)             ; 0 (0)            ; 8 (0)           ; 0 (0)      ; |Processor|ALU:inst42                                                                   ; work         ;
;       |lpm_add_sub:Add1|                  ; 8 (0)       ; 0            ; 0           ; 0    ; 8 (0)        ; 0 (0)             ; 0 (0)            ; 8 (0)           ; 0 (0)      ; |Processor|ALU:inst42|lpm_add_sub:Add1                                                  ; work         ;
;          |addcore:adder|                  ; 8 (2)       ; 0            ; 0           ; 0    ; 8 (2)        ; 0 (0)             ; 0 (0)            ; 8 (2)           ; 0 (0)      ; |Processor|ALU:inst42|lpm_add_sub:Add1|addcore:adder                                    ; work         ;
;             |a_csnbuffer:result_node|     ; 6 (6)       ; 0            ; 0           ; 0    ; 6 (6)        ; 0 (0)             ; 0 (0)            ; 6 (6)           ; 0 (0)      ; |Processor|ALU:inst42|lpm_add_sub:Add1|addcore:adder|a_csnbuffer:result_node            ; work         ;
;    |Clock1Hz:inst44|                      ; 32 (19)     ; 15           ; 0           ; 0    ; 17 (4)       ; 7 (7)             ; 8 (8)            ; 14 (1)          ; 0 (0)      ; |Processor|Clock1Hz:inst44                                                              ; work         ;
;       |lpm_add_sub:Add0|                  ; 13 (0)      ; 0            ; 0           ; 0    ; 13 (0)       ; 0 (0)             ; 0 (0)            ; 13 (0)          ; 0 (0)      ; |Processor|Clock1Hz:inst44|lpm_add_sub:Add0                                             ; work         ;
;          |addcore:adder|                  ; 13 (1)      ; 0            ; 0           ; 0    ; 13 (1)       ; 0 (0)             ; 0 (0)            ; 13 (1)          ; 0 (0)      ; |Processor|Clock1Hz:inst44|lpm_add_sub:Add0|addcore:adder                               ; work         ;
;             |a_csnbuffer:result_node|     ; 12 (12)     ; 0            ; 0           ; 0    ; 12 (12)      ; 0 (0)             ; 0 (0)            ; 12 (12)         ; 0 (0)      ; |Processor|Clock1Hz:inst44|lpm_add_sub:Add0|addcore:adder|a_csnbuffer:result_node       ; work         ;
;    |ClockSplitter:inst|                   ; 2 (2)       ; 2            ; 0           ; 0    ; 0 (0)        ; 0 (0)             ; 2 (2)            ; 0 (0)           ; 0 (0)      ; |Processor|ClockSplitter:inst                                                           ; work         ;
;    |Control:inst13|                       ; 9 (9)       ; 0            ; 0           ; 0    ; 9 (9)        ; 0 (0)             ; 0 (0)            ; 0 (0)           ; 0 (0)      ; |Processor|Control:inst13                                                               ; work         ;
;    |ProgramCounter:inst1|                 ; 8 (0)       ; 8            ; 0           ; 0    ; 0 (0)        ; 0 (0)             ; 8 (0)            ; 8 (0)           ; 0 (0)      ; |Processor|ProgramCounter:inst1                                                         ; work         ;
;       |lpm_counter:tempPC_rtl_0|          ; 8 (0)       ; 8            ; 0           ; 0    ; 0 (0)        ; 0 (0)             ; 8 (0)            ; 8 (0)           ; 0 (0)      ; |Processor|ProgramCounter:inst1|lpm_counter:tempPC_rtl_0                                ; work         ;
;          |alt_counter_f10ke:wysi_counter| ; 8 (8)       ; 8            ; 0           ; 0    ; 0 (0)        ; 0 (0)             ; 8 (8)            ; 8 (8)           ; 0 (0)      ; |Processor|ProgramCounter:inst1|lpm_counter:tempPC_rtl_0|alt_counter_f10ke:wysi_counter ; work         ;
;    |Rom:inst3|                            ; 0 (0)       ; 0            ; 4096        ; 0    ; 0 (0)        ; 0 (0)             ; 0 (0)            ; 0 (0)           ; 0 (0)      ; |Processor|Rom:inst3                                                                    ; work         ;
;       |lpm_rom:lpm_rom_component|         ; 0 (0)       ; 0            ; 4096        ; 0    ; 0 (0)        ; 0 (0)             ; 0 (0)            ; 0 (0)           ; 0 (0)      ; |Processor|Rom:inst3|lpm_rom:lpm_rom_component                                          ; work         ;
;          |altrom:srom|                    ; 0 (0)       ; 0            ; 4096        ; 0    ; 0 (0)        ; 0 (0)             ; 0 (0)            ; 0 (0)           ; 0 (0)      ; |Processor|Rom:inst3|lpm_rom:lpm_rom_component|altrom:srom                              ; work         ;
;    |busmux:inst23|                        ; 5 (0)       ; 0            ; 0           ; 0    ; 5 (0)        ; 0 (0)             ; 0 (0)            ; 0 (0)           ; 0 (0)      ; |Processor|busmux:inst23                                                                ; work         ;
;       |lpm_mux:$00000|                    ; 5 (0)       ; 0            ; 0           ; 0    ; 5 (0)        ; 0 (0)             ; 0 (0)            ; 0 (0)           ; 0 (0)      ; |Processor|busmux:inst23|lpm_mux:$00000                                                 ; work         ;
;          |muxlut:$00011|                  ; 1 (1)       ; 0            ; 0           ; 0    ; 1 (1)        ; 0 (0)             ; 0 (0)            ; 0 (0)           ; 0 (0)      ; |Processor|busmux:inst23|lpm_mux:$00000|muxlut:$00011                                   ; work         ;
;          |muxlut:$00013|                  ; 1 (1)       ; 0            ; 0           ; 0    ; 1 (1)        ; 0 (0)             ; 0 (0)            ; 0 (0)           ; 0 (0)      ; |Processor|busmux:inst23|lpm_mux:$00000|muxlut:$00013                                   ; work         ;
;          |muxlut:$00015|                  ; 1 (1)       ; 0            ; 0           ; 0    ; 1 (1)        ; 0 (0)             ; 0 (0)            ; 0 (0)           ; 0 (0)      ; |Processor|busmux:inst23|lpm_mux:$00000|muxlut:$00015                                   ; work         ;
;          |muxlut:$00017|                  ; 1 (1)       ; 0            ; 0           ; 0    ; 1 (1)        ; 0 (0)             ; 0 (0)            ; 0 (0)           ; 0 (0)      ; |Processor|busmux:inst23|lpm_mux:$00000|muxlut:$00017                                   ; work         ;
;          |muxlut:$00019|                  ; 1 (1)       ; 0            ; 0           ; 0    ; 1 (1)        ; 0 (0)             ; 0 (0)            ; 0 (0)           ; 0 (0)      ; |Processor|busmux:inst23|lpm_mux:$00000|muxlut:$00019                                   ; work         ;
+-------------------------------------------+-------------+--------------+-------------+------+--------------+-------------------+------------------+-----------------+------------+-----------------------------------------------------------------------------------------+--------------+
Note: For table entries with two numbers listed, the numbers in parentheses indicate the number of resources of the given type used by the specific entity alone. The numbers listed outside of parentheses indicate the total resources of the given type used by the specific entity and all of its sub-entities in the hierarchy.


+------------------------------------------+
; Delay Chain Summary                      ;
+-----------------+----------+-------------+
; Name            ; Pin Type ; Pad to Core ;
+-----------------+----------+-------------+
; reset           ; Input    ; OFF         ;
; clk             ; Input    ; OFF         ;
; clk2            ; Output   ; OFF         ;
; clk1            ; Output   ; OFF         ;
; RegDst          ; Output   ; OFF         ;
; Branch          ; Output   ; OFF         ;
; MemRead         ; Output   ; OFF         ;
; MemToReg        ; Output   ; OFF         ;
; MemWrite        ; Output   ; OFF         ;
; ALUSrc          ; Output   ; OFF         ;
; RegWrite        ; Output   ; OFF         ;
; zeroFlag        ; Output   ; OFF         ;
; overflowFlag    ; Output   ; OFF         ;
; signFlag        ; Output   ; OFF         ;
; aluCode[2]      ; Output   ; OFF         ;
; aluCode[1]      ; Output   ; OFF         ;
; aluCode[0]      ; Output   ; OFF         ;
; ALUOp[2]        ; Output   ; OFF         ;
; ALUOp[1]        ; Output   ; OFF         ;
; ALUOp[0]        ; Output   ; OFF         ;
; aluOutput[7]    ; Output   ; OFF         ;
; aluOutput[6]    ; Output   ; OFF         ;
; aluOutput[5]    ; Output   ; OFF         ;
; aluOutput[4]    ; Output   ; OFF         ;
; aluOutput[3]    ; Output   ; OFF         ;
; aluOutput[2]    ; Output   ; OFF         ;
; aluOutput[1]    ; Output   ; OFF         ;
; aluOutput[0]    ; Output   ; OFF         ;
; imm6[5]         ; Output   ; OFF         ;
; imm6[4]         ; Output   ; OFF         ;
; imm6[3]         ; Output   ; OFF         ;
; imm6[2]         ; Output   ; OFF         ;
; imm6[1]         ; Output   ; OFF         ;
; imm6[0]         ; Output   ; OFF         ;
; imm9[8]         ; Output   ; OFF         ;
; imm9[7]         ; Output   ; OFF         ;
; imm9[6]         ; Output   ; OFF         ;
; imm9[5]         ; Output   ; OFF         ;
; imm9[4]         ; Output   ; OFF         ;
; imm9[3]         ; Output   ; OFF         ;
; imm9[2]         ; Output   ; OFF         ;
; imm9[1]         ; Output   ; OFF         ;
; imm9[0]         ; Output   ; OFF         ;
; instruction[15] ; Output   ; OFF         ;
; instruction[14] ; Output   ; OFF         ;
; instruction[13] ; Output   ; OFF         ;
; instruction[12] ; Output   ; OFF         ;
; instruction[11] ; Output   ; OFF         ;
; instruction[10] ; Output   ; OFF         ;
; instruction[9]  ; Output   ; OFF         ;
; instruction[8]  ; Output   ; OFF         ;
; instruction[7]  ; Output   ; OFF         ;
; instruction[6]  ; Output   ; OFF         ;
; instruction[5]  ; Output   ; OFF         ;
; instruction[4]  ; Output   ; OFF         ;
; instruction[3]  ; Output   ; OFF         ;
; instruction[2]  ; Output   ; OFF         ;
; instruction[1]  ; Output   ; OFF         ;
; instruction[0]  ; Output   ; OFF         ;
; opCodeOut[3]    ; Output   ; OFF         ;
; opCodeOut[2]    ; Output   ; OFF         ;
; opCodeOut[1]    ; Output   ; OFF         ;
; opCodeOut[0]    ; Output   ; OFF         ;
; outputPC[7]     ; Output   ; OFF         ;
; outputPC[6]     ; Output   ; OFF         ;
; outputPC[5]     ; Output   ; OFF         ;
; outputPC[4]     ; Output   ; OFF         ;
; outputPC[3]     ; Output   ; OFF         ;
; outputPC[2]     ; Output   ; OFF         ;
; outputPC[1]     ; Output   ; OFF         ;
; outputPC[0]     ; Output   ; OFF         ;
; readReg1[7]     ; Output   ; OFF         ;
; readReg1[6]     ; Output   ; OFF         ;
; readReg1[5]     ; Output   ; OFF         ;
; readReg1[4]     ; Output   ; OFF         ;
; readReg1[3]     ; Output   ; OFF         ;
; readReg1[2]     ; Output   ; OFF         ;
; readReg1[1]     ; Output   ; OFF         ;
; readReg1[0]     ; Output   ; OFF         ;
; readReg2[7]     ; Output   ; OFF         ;
; readReg2[6]     ; Output   ; OFF         ;
; readReg2[5]     ; Output   ; OFF         ;
; readReg2[4]     ; Output   ; OFF         ;
; readReg2[3]     ; Output   ; OFF         ;
; readReg2[2]     ; Output   ; OFF         ;
; readReg2[1]     ; Output   ; OFF         ;
; readReg2[0]     ; Output   ; OFF         ;
; reg1[2]         ; Output   ; OFF         ;
; reg1[1]         ; Output   ; OFF         ;
; reg1[0]         ; Output   ; OFF         ;
; reg2[2]         ; Output   ; OFF         ;
; reg2[1]         ; Output   ; OFF         ;
; reg2[0]         ; Output   ; OFF         ;
; reg3[2]         ; Output   ; OFF         ;
; reg3[1]         ; Output   ; OFF         ;
; reg3[0]         ; Output   ; OFF         ;
+-----------------+----------+-------------+


+-------------------------------------------------------------------------------------------------------------------------------------------------------------------------------------------------------------------------------------------------------------------------------+
; Fitter RAM Summary                                                                                                                                                                                                                                                            ;
+---------------------------------------------------------+------+--------------+--------------+--------------+--------------+------------------------+-------------------------+------------------------+-------------------------+------+------+---------------+--------------+
; Name                                                    ; Mode ; Port A Depth ; Port A Width ; Port B Depth ; Port B Width ; Port A Input Registers ; Port A Output Registers ; Port B Input Registers ; Port B Output Registers ; Size ; EABs ; MIF           ; Location     ;
+---------------------------------------------------------+------+--------------+--------------+--------------+--------------+------------------------+-------------------------+------------------------+-------------------------+------+------+---------------+--------------+
; Rom:inst3|lpm_rom:lpm_rom_component|altrom:srom|content ; ROM  ; 256          ; 16           ; --           ; --           ; no                     ; no                      ; --                     ; --                      ; 4096 ; 2    ; ../output.mif ; ESB_H, ESB_G ;
+---------------------------------------------------------+------+--------------+--------------+--------------+--------------+------------------------+-------------------------+------------------------+-------------------------+------+------+---------------+--------------+
Note: Fitter may spread logical memories into multiple blocks to improve timing. The actual required RAM blocks can be found in the Fitter Resource Usage section.


+--------------+
; Pin-Out File ;
+--------------+
The pin-out file can be found in C:/Users/Nathan/SomethingWitty/Processor/Processor.pin.


+-----------------+
; Fitter Messages ;
+-----------------+
Info: *******************************************************************
Info: Running Quartus II Fitter
    Info: Version 9.0 Build 235 06/17/2009 Service Pack 2 SJ Web Edition
    Info: Processing started: Wed Dec 18 20:54:44 2013
Info: Command: quartus_fit --read_settings_files=off --write_settings_files=off Processor -c Processor
Info: Selected device EPF10K70RC240-4 for design "Processor"
Info: Fitter is using the Classic Timing Analyzer
Info: Timing requirements not specified -- optimizing circuit to achieve the following default global requirements
    Info: Assuming a global fmax requirement of 1000 MHz
    Info: Not setting a global tsu requirement
    Info: Not setting a global tco requirement
    Info: Not setting a global tpd requirement
Info: Inserted 34 logic cells in first fitting attempt
Info: Started fitting attempt 1 on Wed Dec 18 2013 at 20:54:45
Info: Fitter placement preparation operations beginning
Info: Fitter placement preparation operations ending: elapsed time is 00:00:00
Info: Fitter placement operations beginning
Info: Fitter placement operations ending: elapsed time is 00:00:01
Info: Fitter routing operations beginning
Info: Fitter routing operations ending: elapsed time is 00:00:00
Info: Quartus II Fitter was successful. 0 errors, 0 warnings
    Info: Peak virtual memory: 238 megabytes
    Info: Processing ended: Wed Dec 18 20:54:49 2013
    Info: Elapsed time: 00:00:05
    Info: Total CPU time (on all processors): 00:00:05


