Analysis & Synthesis report for mgq4l
Thu Dec 19 03:46:16 2013
Quartus II Version 9.0 Build 235 06/17/2009 Service Pack 2 SJ Web Edition


---------------------
; Table of Contents ;
---------------------
  1. Legal Notice
  2. Analysis & Synthesis Summary
  3. Analysis & Synthesis Settings
  4. Analysis & Synthesis Source Files Read
  5. Analysis & Synthesis Messages



----------------
; Legal Notice ;
----------------
Copyright (C) 1991-2009 Altera Corporation
Your use of Altera Corporation's design tools, logic functions 
and other software and tools, and its AMPP partner logic 
functions, and any output files from any of the foregoing 
(including device programming or simulation files), and any 
associated documentation or information are expressly subject 
to the terms and conditions of the Altera Program License 
Subscription Agreement, Altera MegaCore Function License 
Agreement, or other applicable license agreement, including, 
without limitation, that your use is for the sole purpose of 
programming logic devices manufactured by Altera and sold by 
Altera or its authorized distributors.  Please refer to the 
applicable agreement for further details.



+----------------------------------------------------------------------------+
; Analysis & Synthesis Summary                                               ;
+-----------------------------+----------------------------------------------+
; Analysis & Synthesis Status ; Failed - Thu Dec 19 03:46:16 2013            ;
; Quartus II Version          ; 9.0 Build 235 06/17/2009 SP 2 SJ Web Edition ;
; Revision Name               ; mgq4l                                        ;
; Top-level Entity Name       ; mgq4l                                        ;
; Family                      ; FLEX10K                                      ;
+-----------------------------+----------------------------------------------+


+---------------------------------------------------------------------------------------------+
; Analysis & Synthesis Settings                                                               ;
+--------------------------------------------------------------+--------------+---------------+
; Option                                                       ; Setting      ; Default Value ;
+--------------------------------------------------------------+--------------+---------------+
; Top-level entity name                                        ; mgq4l        ; mgq4l         ;
; Family name                                                  ; FLEX10K      ; Stratix II    ;
; Use smart compilation                                        ; Off          ; Off           ;
; Create Debugging Nodes for IP Cores                          ; Off          ; Off           ;
; Preserve fewer node names                                    ; On           ; On            ;
; Disable OpenCore Plus hardware evaluation                    ; Off          ; Off           ;
; Verilog Version                                              ; Verilog_2001 ; Verilog_2001  ;
; VHDL Version                                                 ; VHDL93       ; VHDL93        ;
; State Machine Processing                                     ; Auto         ; Auto          ;
; Safe State Machine                                           ; Off          ; Off           ;
; Extract Verilog State Machines                               ; On           ; On            ;
; Extract VHDL State Machines                                  ; On           ; On            ;
; Ignore Verilog initial constructs                            ; Off          ; Off           ;
; Iteration limit for constant Verilog loops                   ; 5000         ; 5000          ;
; Iteration limit for non-constant Verilog loops               ; 250          ; 250           ;
; Add Pass-Through Logic to Inferred RAMs                      ; On           ; On            ;
; Parallel Synthesis                                           ; Off          ; Off           ;
; NOT Gate Push-Back                                           ; On           ; On            ;
; Power-Up Don't Care                                          ; On           ; On            ;
; Remove Redundant Logic Cells                                 ; Off          ; Off           ;
; Remove Duplicate Registers                                   ; On           ; On            ;
; Ignore CARRY Buffers                                         ; Off          ; Off           ;
; Ignore CASCADE Buffers                                       ; Off          ; Off           ;
; Ignore GLOBAL Buffers                                        ; Off          ; Off           ;
; Ignore ROW GLOBAL Buffers                                    ; Off          ; Off           ;
; Ignore LCELL Buffers                                         ; Off          ; Off           ;
; Ignore SOFT Buffers                                          ; On           ; On            ;
; Limit AHDL Integers to 32 Bits                               ; Off          ; Off           ;
; Auto Implement in ROM                                        ; Off          ; Off           ;
; Optimization Technique                                       ; Area         ; Area          ;
; Carry Chain Length                                           ; 32           ; 32            ;
; Cascade Chain Length                                         ; 2            ; 2             ;
; Auto Carry Chains                                            ; On           ; On            ;
; Auto Open-Drain Pins                                         ; On           ; On            ;
; Auto ROM Replacement                                         ; On           ; On            ;
; Auto RAM Replacement                                         ; On           ; On            ;
; Auto Clock Enable Replacement                                ; On           ; On            ;
; Strict RAM Replacement                                       ; Off          ; Off           ;
; Auto Resource Sharing                                        ; Off          ; Off           ;
; Allow Any RAM Size For Recognition                           ; Off          ; Off           ;
; Allow Any ROM Size For Recognition                           ; Off          ; Off           ;
; Use LogicLock Constraints during Resource Balancing          ; On           ; On            ;
; Ignore translate_off and synthesis_off directives            ; Off          ; Off           ;
; Show Parameter Settings Tables in Synthesis Report           ; On           ; On            ;
; HDL message level                                            ; Level2       ; Level2        ;
; Suppress Register Optimization Related Messages              ; Off          ; Off           ;
; Number of Removed Registers Reported in Synthesis Report     ; 100          ; 100           ;
; Number of Inverted Registers Reported in Synthesis Report    ; 100          ; 100           ;
; Block Design Naming                                          ; Auto         ; Auto          ;
; Synthesis Effort                                             ; Auto         ; Auto          ;
; Shift Register Replacement - Allow Asynchronous Clear Signal ; On           ; On            ;
; Analysis & Synthesis Message Level                           ; Medium       ; Medium        ;
+--------------------------------------------------------------+--------------+---------------+


+--------------------------------------------------------------------------------------------------------------------------------------------------------------------------------------------------------------+
; Analysis & Synthesis Source Files Read                                                                                                                                                                       ;
+---------------------------------------------------------------------------------+-----------------+------------------------+---------------------------------------------------------------------------------+
; File Name with User-Entered Path                                                ; Used in Netlist ; File Type              ; File Name with Absolute Path                                                    ;
+---------------------------------------------------------------------------------+-----------------+------------------------+---------------------------------------------------------------------------------+
; C:/Users/Tracy/Desktop/SomethingWitty/Processor/greybox_tmp/greybox_tmp/mgq4l.v ; yes             ; User Verilog HDL File  ; C:/Users/Tracy/Desktop/SomethingWitty/Processor/greybox_tmp/greybox_tmp/mgq4l.v ;
; lpm_rom.tdf                                                                     ; yes             ; Megafunction           ; c:/altera/90sp2/quartus/libraries/megafunctions/lpm_rom.tdf                     ;
; altrom.inc                                                                      ; yes             ; Megafunction           ; c:/altera/90sp2/quartus/libraries/megafunctions/altrom.inc                      ;
; aglobal90.inc                                                                   ; yes             ; Megafunction           ; c:/altera/90sp2/quartus/libraries/megafunctions/aglobal90.inc                   ;
; altrom.tdf                                                                      ; yes             ; Megafunction           ; c:/altera/90sp2/quartus/libraries/megafunctions/altrom.tdf                      ;
; memmodes.inc                                                                    ; yes             ; Megafunction           ; c:/altera/90sp2/quartus/libraries/others/maxplus2/memmodes.inc                  ;
; lpm_decode.inc                                                                  ; yes             ; Megafunction           ; c:/altera/90sp2/quartus/libraries/megafunctions/lpm_decode.inc                  ;
; lpm_mux.inc                                                                     ; yes             ; Megafunction           ; c:/altera/90sp2/quartus/libraries/megafunctions/lpm_mux.inc                     ;
; altqpram.inc                                                                    ; yes             ; Megafunction           ; c:/altera/90sp2/quartus/libraries/megafunctions/altqpram.inc                    ;
; altsyncram.inc                                                                  ; yes             ; Megafunction           ; c:/altera/90sp2/quartus/libraries/megafunctions/altsyncram.inc                  ;
+---------------------------------------------------------------------------------+-----------------+------------------------+---------------------------------------------------------------------------------+


+-------------------------------+
; Analysis & Synthesis Messages ;
+-------------------------------+
Info: *******************************************************************
Info: Running Quartus II Analysis & Synthesis
    Info: Version 9.0 Build 235 06/17/2009 Service Pack 2 SJ Web Edition
    Info: Copyright (C) 1991-2009 Altera Corporation. All rights reserved.
    Info: Your use of Altera Corporation's design tools, logic functions 
    Info: and other software and tools, and its AMPP partner logic 
    Info: functions, and any output files from any of the foregoing 
    Info: (including device programming or simulation files), and any 
    Info: associated documentation or information are expressly subject 
    Info: to the terms and conditions of the Altera Program License 
    Info: Subscription Agreement, Altera MegaCore Function License 
    Info: Agreement, or other applicable license agreement, including, 
    Info: without limitation, that your use is for the sole purpose of 
    Info: programming logic devices manufactured by Altera and sold by 
    Info: Altera or its authorized distributors.  Please refer to the 
    Info: applicable agreement for further details.
    Info: Processing started: Thu Dec 19 03:46:14 2013
Info: Command: quartus_map mgq4l --source=C:\Users\Tracy\Desktop\SomethingWitty\Processor\greybox_tmp/greybox_tmp/mgq4l.v --ini=greybox_disable_cut_checks=on --family=FLEX10K
Info: Found 1 design units, including 1 entities, in source file mgq4l.v
    Info: Found entity 1: mgq4l
Info: Elaborating entity "mgq4l" for the top level hierarchy
Info: Elaborating entity "lpm_rom" for hierarchy "lpm_rom:mgl_prim1"
Info: Elaborated megafunction instantiation "lpm_rom:mgl_prim1"
Info: Instantiated megafunction "lpm_rom:mgl_prim1" with the following parameter:
    Info: Parameter "intended_device_family" = "FLEX10K"
    Info: Parameter "lpm_address_control" = "UNREGISTERED"
    Info: Parameter "lpm_file" = "../output.mif"
    Info: Parameter "lpm_numwords" = "256"
    Info: Parameter "lpm_outdata" = "UNREGISTERED"
    Info: Parameter "lpm_type" = "LPM_ROM"
    Info: Parameter "lpm_width" = "16"
    Info: Parameter "lpm_widthad" = "8"
Info: Elaborating entity "altrom" for hierarchy "lpm_rom:mgl_prim1|altrom:srom"
Error: Can't find Memory Initialization File or Hexadecimal (Intel-Format) File ../output.mif for ROM instance  File: c:/altera/90sp2/quartus/libraries/megafunctions/altrom.tdf Line: 129
Error: Can't elaborate user hierarchy "lpm_rom:mgl_prim1|altrom:srom" File: c:/altera/90sp2/quartus/libraries/megafunctions/lpm_rom.tdf Line: 60
Info: Elaborated megafunction instantiation "lpm_rom:mgl_prim1|altrom:srom", which is child of megafunction instantiation "lpm_rom:mgl_prim1"
Error: Quartus II Analysis & Synthesis was unsuccessful. 2 errors, 0 warnings
    Error: Peak virtual memory: 205 megabytes
    Error: Processing ended: Thu Dec 19 03:46:16 2013
    Error: Elapsed time: 00:00:02
    Error: Total CPU time (on all processors): 00:00:02


